{"/home/travis/build/npmtest/node-npmtest-halacious/test.js":{"path":"/home/travis/build/npmtest/node-npmtest-halacious/test.js","s":{"1":2,"2":2,"3":2,"4":2,"5":2,"6":2,"7":2,"8":1,"9":2,"10":2,"11":1,"12":1,"13":1,"14":1,"15":2,"16":2,"17":2,"18":2,"19":1,"20":1,"21":2,"22":2,"23":2,"24":1,"25":1,"26":1,"27":1,"28":1,"29":1,"30":1,"31":1,"32":1,"33":1,"34":1,"35":1,"36":1,"37":1,"38":1,"39":2,"40":2,"41":1,"42":2,"43":2,"44":1,"45":2,"46":2,"47":1,"48":2,"49":2,"50":1,"51":1,"52":1,"53":1,"54":1},"b":{"1":[2,1,1,1],"2":[1,1,1,1],"3":[1,1],"4":[1,1],"5":[1,1],"6":[1,1],"7":[1,1],"8":[1,1],"9":[1,1],"10":[1,1,1],"11":[1,1],"12":[1,1],"13":[1,1],"14":[1,1],"15":[1,1],"16":[1,1],"17":[1,1]},"f":{"1":2,"2":2,"3":2,"4":2,"5":2,"6":1,"7":1,"8":1,"9":2,"10":2,"11":2,"12":2,"13":1},"fnMap":{"1":{"name":"(anonymous_1)","line":12,"loc":{"start":{"line":12,"column":1},"end":{"line":12,"column":13}}},"2":{"name":"(anonymous_2)","line":19,"loc":{"start":{"line":19,"column":5},"end":{"line":19,"column":17}}},"3":{"name":"(anonymous_3)","line":23,"loc":{"start":{"line":23,"column":24},"end":{"line":23,"column":36}}},"4":{"name":"(anonymous_4)","line":61,"loc":{"start":{"line":61,"column":5},"end":{"line":61,"column":17}}},"5":{"name":"(anonymous_5)","line":82,"loc":{"start":{"line":82,"column":5},"end":{"line":82,"column":17}}},"6":{"name":"(anonymous_6)","line":91,"loc":{"start":{"line":91,"column":77},"end":{"line":94,"column":10}}},"7":{"name":"(anonymous_7)","line":112,"loc":{"start":{"line":112,"column":83},"end":{"line":115,"column":10}},"skip":true},"8":{"name":"(anonymous_8)","line":123,"loc":{"start":{"line":123,"column":77},"end":{"line":126,"column":10}},"skip":true},"9":{"name":"(anonymous_9)","line":139,"loc":{"start":{"line":139,"column":12},"end":{"line":139,"column":40}},"skip":true},"10":{"name":"(anonymous_10)","line":147,"loc":{"start":{"line":147,"column":77},"end":{"line":150,"column":10}},"skip":true},"11":{"name":"(anonymous_11)","line":158,"loc":{"start":{"line":158,"column":83},"end":{"line":161,"column":10}},"skip":true},"12":{"name":"(anonymous_12)","line":169,"loc":{"start":{"line":169,"column":79},"end":{"line":172,"column":10}},"skip":true},"13":{"name":"(anonymous_13)","line":180,"loc":{"start":{"line":180,"column":75},"end":{"line":183,"column":10}},"skip":true}},"statementMap":{"1":{"start":{"line":12,"column":0},"end":{"line":195,"column":5}},"2":{"start":{"line":14,"column":4},"end":{"line":14,"column":14}},"3":{"start":{"line":19,"column":4},"end":{"line":56,"column":9}},"4":{"start":{"line":21,"column":8},"end":{"line":21,"column":19}},"5":{"start":{"line":23,"column":8},"end":{"line":35,"column":13}},"6":{"start":{"line":24,"column":12},"end":{"line":34,"column":13}},"7":{"start":{"line":25,"column":16},"end":{"line":28,"column":30}},"8":{"start":{"line":30,"column":16},"end":{"line":33,"column":27}},"9":{"start":{"line":37,"column":8},"end":{"line":39,"column":21}},"10":{"start":{"line":40,"column":8},"end":{"line":53,"column":9}},"11":{"start":{"line":43,"column":12},"end":{"line":46,"column":14}},"12":{"start":{"line":47,"column":12},"end":{"line":47,"column":18}},"13":{"start":{"line":50,"column":12},"end":{"line":51,"column":33}},"14":{"start":{"line":52,"column":12},"end":{"line":52,"column":18}},"15":{"start":{"line":55,"column":8},"end":{"line":55,"column":35}},"16":{"start":{"line":61,"column":4},"end":{"line":63,"column":9}},"17":{"start":{"line":62,"column":8},"end":{"line":62,"column":15}},"18":{"start":{"line":64,"column":4},"end":{"line":77,"column":5}},"19":{"start":{"line":70,"column":8},"end":{"line":70,"column":14}},"20":{"start":{"line":76,"column":8},"end":{"line":76,"column":14}},"21":{"start":{"line":82,"column":4},"end":{"line":84,"column":9}},"22":{"start":{"line":83,"column":8},"end":{"line":83,"column":15}},"23":{"start":{"line":85,"column":4},"end":{"line":194,"column":5}},"24":{"start":{"line":91,"column":8},"end":{"line":99,"column":10}},"25":{"start":{"line":98,"column":12},"end":{"line":98,"column":35}},"26":{"start":{"line":102,"column":8},"end":{"line":104,"column":63}},"27":{"start":{"line":105,"column":8},"end":{"line":105,"column":14}},"28":{"start":{"line":112,"column":8},"end":{"line":121,"column":10},"skip":true},"29":{"start":{"line":119,"column":12},"end":{"line":119,"column":55},"skip":true},"30":{"start":{"line":120,"column":12},"end":{"line":120,"column":48},"skip":true},"31":{"start":{"line":123,"column":8},"end":{"line":136,"column":10},"skip":true},"32":{"start":{"line":130,"column":12},"end":{"line":130,"column":76},"skip":true},"33":{"start":{"line":131,"column":12},"end":{"line":131,"column":73},"skip":true},"34":{"start":{"line":132,"column":12},"end":{"line":132,"column":74},"skip":true},"35":{"start":{"line":133,"column":12},"end":{"line":133,"column":79},"skip":true},"36":{"start":{"line":134,"column":12},"end":{"line":134,"column":25},"skip":true},"37":{"start":{"line":135,"column":12},"end":{"line":135,"column":45},"skip":true},"38":{"start":{"line":138,"column":8},"end":{"line":145,"column":14},"skip":true},"39":{"start":{"line":143,"column":16},"end":{"line":143,"column":29},"skip":true},"40":{"start":{"line":144,"column":16},"end":{"line":144,"column":55},"skip":true},"41":{"start":{"line":147,"column":8},"end":{"line":156,"column":10},"skip":true},"42":{"start":{"line":154,"column":12},"end":{"line":154,"column":25},"skip":true},"43":{"start":{"line":155,"column":12},"end":{"line":155,"column":45},"skip":true},"44":{"start":{"line":158,"column":8},"end":{"line":167,"column":10},"skip":true},"45":{"start":{"line":165,"column":12},"end":{"line":165,"column":25},"skip":true},"46":{"start":{"line":166,"column":12},"end":{"line":166,"column":48},"skip":true},"47":{"start":{"line":169,"column":8},"end":{"line":178,"column":10},"skip":true},"48":{"start":{"line":176,"column":12},"end":{"line":176,"column":25},"skip":true},"49":{"start":{"line":177,"column":12},"end":{"line":177,"column":46},"skip":true},"50":{"start":{"line":180,"column":8},"end":{"line":189,"column":10},"skip":true},"51":{"start":{"line":187,"column":12},"end":{"line":187,"column":94},"skip":true},"52":{"start":{"line":188,"column":12},"end":{"line":188,"column":48},"skip":true},"53":{"start":{"line":192,"column":8},"end":{"line":192,"column":35},"skip":true},"54":{"start":{"line":193,"column":8},"end":{"line":193,"column":14},"skip":true}},"branchMap":{"1":{"line":25,"type":"binary-expr","locations":[{"start":{"line":25,"column":23},"end":{"line":25,"column":62}},{"start":{"line":26,"column":20},"end":{"line":26,"column":70}},{"start":{"line":27,"column":20},"end":{"line":27,"column":71}},{"start":{"line":28,"column":20},"end":{"line":28,"column":29}}]},"2":{"line":30,"type":"binary-expr","locations":[{"start":{"line":30,"column":23},"end":{"line":30,"column":37}},{"start":{"line":31,"column":20},"end":{"line":31,"column":61}},{"start":{"line":32,"column":20},"end":{"line":32,"column":70}},{"start":{"line":33,"column":20},"end":{"line":33,"column":26}}]},"3":{"line":37,"type":"cond-expr","locations":[{"start":{"line":38,"column":14},"end":{"line":38,"column":20}},{"start":{"line":39,"column":14},"end":{"line":39,"column":20}}]},"4":{"line":40,"type":"switch","locations":[{"start":{"line":42,"column":8},"end":{"line":47,"column":18}},{"start":{"line":49,"column":8},"end":{"line":52,"column":18}}]},"5":{"line":44,"type":"binary-expr","locations":[{"start":{"line":44,"column":16},"end":{"line":44,"column":44}},{"start":{"line":44,"column":48},"end":{"line":44,"column":66}}]},"6":{"line":50,"type":"binary-expr","locations":[{"start":{"line":50,"column":21},"end":{"line":50,"column":49}},{"start":{"line":50,"column":53},"end":{"line":50,"column":72}}]},"7":{"line":64,"type":"switch","locations":[{"start":{"line":69,"column":4},"end":{"line":70,"column":14}},{"start":{"line":75,"column":4},"end":{"line":76,"column":14}}]},"8":{"line":85,"type":"switch","locations":[{"start":{"line":90,"column":4},"end":{"line":105,"column":14}},{"start":{"line":111,"column":4},"end":{"line":193,"column":14},"skip":true}]},"9":{"line":91,"type":"binary-expr","locations":[{"start":{"line":91,"column":42},"end":{"line":91,"column":73}},{"start":{"line":91,"column":77},"end":{"line":99,"column":9}}]},"10":{"line":102,"type":"binary-expr","locations":[{"start":{"line":102,"column":18},"end":{"line":102,"column":32}},{"start":{"line":103,"column":12},"end":{"line":103,"column":53}},{"start":{"line":104,"column":12},"end":{"line":104,"column":61}}]},"11":{"line":112,"type":"binary-expr","locations":[{"start":{"line":112,"column":45},"end":{"line":112,"column":79},"skip":true},{"start":{"line":112,"column":83},"end":{"line":121,"column":9},"skip":true}]},"12":{"line":123,"type":"binary-expr","locations":[{"start":{"line":123,"column":42},"end":{"line":123,"column":73},"skip":true},{"start":{"line":123,"column":77},"end":{"line":136,"column":9},"skip":true}]},"13":{"line":138,"type":"binary-expr","locations":[{"start":{"line":138,"column":48},"end":{"line":138,"column":85},"skip":true},{"start":{"line":139,"column":12},"end":{"line":145,"column":13},"skip":true}]},"14":{"line":147,"type":"binary-expr","locations":[{"start":{"line":147,"column":42},"end":{"line":147,"column":73},"skip":true},{"start":{"line":147,"column":77},"end":{"line":156,"column":9},"skip":true}]},"15":{"line":158,"type":"binary-expr","locations":[{"start":{"line":158,"column":45},"end":{"line":158,"column":79},"skip":true},{"start":{"line":158,"column":83},"end":{"line":167,"column":9},"skip":true}]},"16":{"line":169,"type":"binary-expr","locations":[{"start":{"line":169,"column":43},"end":{"line":169,"column":75},"skip":true},{"start":{"line":169,"column":79},"end":{"line":178,"column":9},"skip":true}]},"17":{"line":180,"type":"binary-expr","locations":[{"start":{"line":180,"column":41},"end":{"line":180,"column":71},"skip":true},{"start":{"line":180,"column":75},"end":{"line":189,"column":9},"skip":true}]}},"code":["/* istanbul instrument in package npmtest_halacious */","/*jslint","    bitwise: true,","    browser: true,","    maxerr: 8,","    maxlen: 96,","    node: true,","    nomen: true,","    regexp: true,","    stupid: true","*/","(function () {","    'use strict';","    var local;","","","","    // run shared js-env code - init-before","    (function () {","        // init local","        local = {};","        // init modeJs","        local.modeJs = (function () {","            try {","                return typeof navigator.userAgent === 'string' &&","                    typeof document.querySelector('body') === 'object' &&","                    typeof XMLHttpRequest.prototype.open === 'function' &&","                    'browser';","            } catch (errorCaughtBrowser) {","                return module.exports &&","                    typeof process.versions.node === 'string' &&","                    typeof require('http').createServer === 'function' &&","                    'node';","            }","        }());","        // init global","        local.global = local.modeJs === 'browser'","            ? window","            : global;","        switch (local.modeJs) {","        // re-init local from window.local","        case 'browser':","            local = local.global.utility2.objectSetDefault(","                local.global.utility2_rollup || local.global.local,","                local.global.utility2","            );","            break;","        // re-init local from example.js","        case 'node':","            local = (local.global.utility2_rollup || require('utility2'))","                .requireReadme();","            break;","        }","        // export local","        local.global.local = local;","    }());","","","","    // run shared js-env code - function","    (function () {","        return;","    }());","    switch (local.modeJs) {","","","","    // run browser js-env code - function","    case 'browser':","        break;","","","","    // run node js-env code - function","    case 'node':","        break;","    }","","","","    // run shared js-env code - init-after","    (function () {","        return;","    }());","    switch (local.modeJs) {","","","","    // run browser js-env code - init-after","    case 'browser':","        local.testCase_browser_nullCase = local.testCase_browser_nullCase || function (","            options,","            onError","        ) {","        /*","         * this function will test browsers's null-case handling-behavior-behavior","         */","            onError(null, options);","        };","","        // run tests","        local.nop(local.modeTest &&","            document.querySelector('#testRunButton1') &&","            document.querySelector('#testRunButton1').click());","        break;","","","","    // run node js-env code - init-after","    /* istanbul ignore next */","    case 'node':","        local.testCase_buildApidoc_default = local.testCase_buildApidoc_default || function (","            options,","            onError","        ) {","        /*","         * this function will test buildApidoc's default handling-behavior-behavior","         */","            options = { modulePathList: module.paths };","            local.buildApidoc(options, onError);","        };","","        local.testCase_buildApp_default = local.testCase_buildApp_default || function (","            options,","            onError","        ) {","        /*","         * this function will test buildApp's default handling-behavior-behavior","         */","            local.testCase_buildReadme_default(options, local.onErrorThrow);","            local.testCase_buildLib_default(options, local.onErrorThrow);","            local.testCase_buildTest_default(options, local.onErrorThrow);","            local.testCase_buildCustomOrg_default(options, local.onErrorThrow);","            options = [];","            local.buildApp(options, onError);","        };","","        local.testCase_buildCustomOrg_default = local.testCase_buildCustomOrg_default ||","            function (options, onError) {","            /*","             * this function will test buildCustomOrg's default handling-behavior","             */","                options = {};","                local.buildCustomOrg(options, onError);","            };","","        local.testCase_buildLib_default = local.testCase_buildLib_default || function (","            options,","            onError","        ) {","        /*","         * this function will test buildLib's default handling-behavior","         */","            options = {};","            local.buildLib(options, onError);","        };","","        local.testCase_buildReadme_default = local.testCase_buildReadme_default || function (","            options,","            onError","        ) {","        /*","         * this function will test buildReadme's default handling-behavior-behavior","         */","            options = {};","            local.buildReadme(options, onError);","        };","","        local.testCase_buildTest_default = local.testCase_buildTest_default || function (","            options,","            onError","        ) {","        /*","         * this function will test buildTest's default handling-behavior","         */","            options = {};","            local.buildTest(options, onError);","        };","","        local.testCase_webpage_default = local.testCase_webpage_default || function (","            options,","            onError","        ) {","        /*","         * this function will test webpage's default handling-behavior","         */","            options = { modeCoverageMerge: true, url: local.serverLocalHost + '?modeTest=1' };","            local.browserTest(options, onError);","        };","","        // run test-server","        local.testRunServer(local);","        break;","    }","}());",""],"l":{"12":2,"14":2,"19":2,"21":2,"23":2,"24":2,"25":2,"30":1,"37":2,"40":2,"43":1,"47":1,"50":1,"52":1,"55":2,"61":2,"62":2,"64":2,"70":1,"76":1,"82":2,"83":2,"85":2,"91":1,"98":1,"102":1,"105":1,"112":1,"119":1,"120":1,"123":1,"130":1,"131":1,"132":1,"133":1,"134":1,"135":1,"138":1,"143":2,"144":2,"147":1,"154":2,"155":2,"158":1,"165":2,"166":2,"169":1,"176":2,"177":2,"180":1,"187":1,"188":1,"192":1,"193":1}},"/home/travis/build/npmtest/node-npmtest-halacious/lib.npmtest_halacious.js":{"path":"/home/travis/build/npmtest/node-npmtest-halacious/lib.npmtest_halacious.js","s":{"1":2,"2":2,"3":2,"4":2,"5":2,"6":2,"7":2,"8":1,"9":2,"10":2,"11":2,"12":2,"13":1,"14":1,"15":1,"16":1},"b":{"1":[2,1,1,1],"2":[1,1,1,1],"3":[1,1],"4":[2,2],"5":[1,1]},"f":{"1":2,"2":2,"3":2},"fnMap":{"1":{"name":"(anonymous_1)","line":12,"loc":{"start":{"line":12,"column":1},"end":{"line":12,"column":13}}},"2":{"name":"(anonymous_2)","line":19,"loc":{"start":{"line":19,"column":5},"end":{"line":19,"column":17}}},"3":{"name":"(anonymous_3)","line":23,"loc":{"start":{"line":23,"column":24},"end":{"line":23,"column":36}}}},"statementMap":{"1":{"start":{"line":12,"column":0},"end":{"line":53,"column":5}},"2":{"start":{"line":14,"column":4},"end":{"line":14,"column":14}},"3":{"start":{"line":19,"column":4},"end":{"line":52,"column":9}},"4":{"start":{"line":21,"column":8},"end":{"line":21,"column":19}},"5":{"start":{"line":23,"column":8},"end":{"line":35,"column":13}},"6":{"start":{"line":24,"column":12},"end":{"line":34,"column":13}},"7":{"start":{"line":25,"column":16},"end":{"line":28,"column":30}},"8":{"start":{"line":30,"column":16},"end":{"line":33,"column":27}},"9":{"start":{"line":37,"column":8},"end":{"line":39,"column":21}},"10":{"start":{"line":41,"column":8},"end":{"line":41,"column":54}},"11":{"start":{"line":43,"column":8},"end":{"line":43,"column":54}},"12":{"start":{"line":45,"column":8},"end":{"line":51,"column":9}},"13":{"start":{"line":46,"column":12},"end":{"line":46,"column":60}},"14":{"start":{"line":48,"column":12},"end":{"line":48,"column":35}},"15":{"start":{"line":49,"column":12},"end":{"line":49,"column":49}},"16":{"start":{"line":50,"column":12},"end":{"line":50,"column":43}}},"branchMap":{"1":{"line":25,"type":"binary-expr","locations":[{"start":{"line":25,"column":23},"end":{"line":25,"column":62}},{"start":{"line":26,"column":20},"end":{"line":26,"column":70}},{"start":{"line":27,"column":20},"end":{"line":27,"column":71}},{"start":{"line":28,"column":20},"end":{"line":28,"column":29}}]},"2":{"line":30,"type":"binary-expr","locations":[{"start":{"line":30,"column":23},"end":{"line":30,"column":37}},{"start":{"line":31,"column":20},"end":{"line":31,"column":61}},{"start":{"line":32,"column":20},"end":{"line":32,"column":70}},{"start":{"line":33,"column":20},"end":{"line":33,"column":26}}]},"3":{"line":37,"type":"cond-expr","locations":[{"start":{"line":38,"column":14},"end":{"line":38,"column":20}},{"start":{"line":39,"column":14},"end":{"line":39,"column":20}}]},"4":{"line":41,"type":"binary-expr","locations":[{"start":{"line":41,"column":16},"end":{"line":41,"column":44}},{"start":{"line":41,"column":48},"end":{"line":41,"column":53}}]},"5":{"line":45,"type":"if","locations":[{"start":{"line":45,"column":8},"end":{"line":45,"column":8}},{"start":{"line":45,"column":8},"end":{"line":45,"column":8}}]}},"code":["/* istanbul instrument in package npmtest_halacious */","/*jslint","    bitwise: true,","    browser: true,","    maxerr: 8,","    maxlen: 96,","    node: true,","    nomen: true,","    regexp: true,","    stupid: true","*/","(function () {","    'use strict';","    var local;","","","","    // run shared js-env code - init-before","    (function () {","        // init local","        local = {};","        // init modeJs","        local.modeJs = (function () {","            try {","                return typeof navigator.userAgent === 'string' &&","                    typeof document.querySelector('body') === 'object' &&","                    typeof XMLHttpRequest.prototype.open === 'function' &&","                    'browser';","            } catch (errorCaughtBrowser) {","                return module.exports &&","                    typeof process.versions.node === 'string' &&","                    typeof require('http').createServer === 'function' &&","                    'node';","            }","        }());","        // init global","        local.global = local.modeJs === 'browser'","            ? window","            : global;","        // init utility2_rollup","        local = local.global.utility2_rollup || local;","        // init lib","        local.local = local.npmtest_halacious = local;","        // init exports","        if (local.modeJs === 'browser') {","            local.global.utility2_npmtest_halacious = local;","        } else {","            module.exports = local;","            module.exports.__dirname = __dirname;","            module.exports.module = module;","        }","    }());","}());",""],"l":{"12":2,"14":2,"19":2,"21":2,"23":2,"24":2,"25":2,"30":1,"37":2,"41":2,"43":2,"45":2,"46":1,"48":1,"49":1,"50":1}},"/home/travis/build/npmtest/node-npmtest-halacious/example.js":{"path":"/home/travis/build/npmtest/node-npmtest-halacious/example.js","s":{"1":2,"2":2,"3":2,"4":2,"5":2,"6":2,"7":2,"8":1,"9":2,"10":2,"11":2,"12":2,"13":1,"14":2,"15":2,"16":2,"17":2,"18":2,"19":0,"20":2,"21":1,"22":1,"23":1,"24":1,"25":1,"26":0,"27":0,"28":1,"29":1,"30":2,"31":0,"32":0,"33":0,"34":1,"35":2,"36":2,"37":3,"38":3,"39":3,"40":3,"41":0,"42":3,"43":3,"44":3,"45":1,"46":3,"47":1,"48":1,"49":1,"50":1,"51":1,"52":1,"53":1,"54":1,"55":1,"56":1,"57":0,"58":1,"59":6,"60":6,"61":1,"62":2,"63":0,"64":2,"65":1,"66":1,"67":0,"68":0,"69":0,"70":0,"71":0,"72":0,"73":0,"74":0,"75":0,"76":0,"77":0,"78":0,"79":0,"80":0,"81":0,"82":0,"83":0},"b":{"1":[2,1,1,1],"2":[1,1,1,1],"3":[1,1],"4":[2,2],"5":[1,1],"6":[1,1],"7":[2,0],"8":[2,1,1,1,1,1],"9":[0,2,0],"10":[1,1],"11":[2,1,1],"12":[1,0],"13":[0,2],"14":[2,0,0,0,0,0,0],"15":[0,3],"16":[3,0],"17":[1,1],"18":[0,1],"19":[1,2,0,2],"20":[1,0],"21":[1,1],"22":[0,0],"23":[0,0],"24":[0,0],"25":[0,0],"26":[0,0],"27":[0,0],"28":[0,0]},"f":{"1":2,"2":2,"3":2,"4":2,"5":2,"6":2,"7":3,"8":3,"9":3,"10":1,"11":6,"12":0},"fnMap":{"1":{"name":"(anonymous_1)","line":26,"loc":{"start":{"line":26,"column":1},"end":{"line":26,"column":13}}},"2":{"name":"(anonymous_2)","line":33,"loc":{"start":{"line":33,"column":5},"end":{"line":33,"column":17}}},"3":{"name":"(anonymous_3)","line":37,"loc":{"start":{"line":37,"column":24},"end":{"line":37,"column":36}}},"4":{"name":"(anonymous_4)","line":69,"loc":{"start":{"line":69,"column":31},"end":{"line":69,"column":48}},"skip":true},"5":{"name":"(anonymous_5)","line":78,"loc":{"start":{"line":78,"column":26},"end":{"line":78,"column":45}},"skip":true},"6":{"name":"(anonymous_6)","line":123,"loc":{"start":{"line":123,"column":33},"end":{"line":123,"column":48}},"skip":true},"7":{"name":"(anonymous_7)","line":125,"loc":{"start":{"line":125,"column":27},"end":{"line":125,"column":39}},"skip":true},"8":{"name":"(anonymous_8)","line":133,"loc":{"start":{"line":133,"column":59},"end":{"line":133,"column":74}},"skip":true},"9":{"name":"(anonymous_9)","line":143,"loc":{"start":{"line":143,"column":45},"end":{"line":143,"column":62}},"skip":true},"10":{"name":"(anonymous_10)","line":144,"loc":{"start":{"line":144,"column":73},"end":{"line":144,"column":92}},"skip":true},"11":{"name":"(anonymous_11)","line":272,"loc":{"start":{"line":272,"column":51},"end":{"line":272,"column":77}},"skip":true},"12":{"name":"(anonymous_12)","line":315,"loc":{"start":{"line":315,"column":32},"end":{"line":315,"column":61}},"skip":true}},"statementMap":{"1":{"start":{"line":26,"column":0},"end":{"line":326,"column":5}},"2":{"start":{"line":28,"column":4},"end":{"line":28,"column":14}},"3":{"start":{"line":33,"column":4},"end":{"line":60,"column":9}},"4":{"start":{"line":35,"column":8},"end":{"line":35,"column":19}},"5":{"start":{"line":37,"column":8},"end":{"line":49,"column":13}},"6":{"start":{"line":38,"column":12},"end":{"line":48,"column":13}},"7":{"start":{"line":39,"column":16},"end":{"line":42,"column":30}},"8":{"start":{"line":44,"column":16},"end":{"line":47,"column":27}},"9":{"start":{"line":51,"column":8},"end":{"line":53,"column":21}},"10":{"start":{"line":55,"column":8},"end":{"line":57,"column":45}},"11":{"start":{"line":59,"column":8},"end":{"line":59,"column":35}},"12":{"start":{"line":61,"column":4},"end":{"line":325,"column":5}},"13":{"start":{"line":69,"column":8},"end":{"line":121,"column":10},"skip":true},"14":{"start":{"line":70,"column":12},"end":{"line":88,"column":13},"skip":true},"15":{"start":{"line":76,"column":16},"end":{"line":87,"column":19},"skip":true},"16":{"start":{"line":79,"column":20},"end":{"line":86,"column":21},"skip":true},"17":{"start":{"line":82,"column":24},"end":{"line":82,"column":43},"skip":true},"18":{"start":{"line":83,"column":24},"end":{"line":83,"column":30},"skip":true},"19":{"start":{"line":85,"column":24},"end":{"line":85,"column":49},"skip":true},"20":{"start":{"line":89,"column":12},"end":{"line":107,"column":13},"skip":true},"21":{"start":{"line":92,"column":16},"end":{"line":102,"column":17},"skip":true},"22":{"start":{"line":93,"column":20},"end":{"line":93,"column":86},"skip":true},"23":{"start":{"line":94,"column":20},"end":{"line":95,"column":45},"skip":true},"24":{"start":{"line":96,"column":20},"end":{"line":96,"column":42},"skip":true},"25":{"start":{"line":97,"column":20},"end":{"line":97,"column":48},"skip":true},"26":{"start":{"line":100,"column":20},"end":{"line":100,"column":85},"skip":true},"27":{"start":{"line":101,"column":20},"end":{"line":101,"column":96},"skip":true},"28":{"start":{"line":103,"column":16},"end":{"line":103,"column":22},"skip":true},"29":{"start":{"line":106,"column":16},"end":{"line":106,"column":22},"skip":true},"30":{"start":{"line":108,"column":12},"end":{"line":120,"column":13},"skip":true},"31":{"start":{"line":114,"column":16},"end":{"line":119,"column":17},"skip":true},"32":{"start":{"line":116,"column":20},"end":{"line":116,"column":78},"skip":true},"33":{"start":{"line":118,"column":20},"end":{"line":118,"column":47},"skip":true},"34":{"start":{"line":123,"column":8},"end":{"line":141,"column":11},"skip":true},"35":{"start":{"line":124,"column":12},"end":{"line":124,"column":54},"skip":true},"36":{"start":{"line":125,"column":12},"end":{"line":140,"column":14},"skip":true},"37":{"start":{"line":126,"column":16},"end":{"line":126,"column":28},"skip":true},"38":{"start":{"line":127,"column":16},"end":{"line":127,"column":69},"skip":true},"39":{"start":{"line":128,"column":16},"end":{"line":128,"column":75},"skip":true},"40":{"start":{"line":129,"column":16},"end":{"line":131,"column":17},"skip":true},"41":{"start":{"line":130,"column":20},"end":{"line":130,"column":27},"skip":true},"42":{"start":{"line":133,"column":16},"end":{"line":137,"column":36},"skip":true},"43":{"start":{"line":134,"column":20},"end":{"line":136,"column":55},"skip":true},"44":{"start":{"line":139,"column":16},"end":{"line":139,"column":57},"skip":true},"45":{"start":{"line":143,"column":8},"end":{"line":147,"column":11},"skip":true},"46":{"start":{"line":144,"column":12},"end":{"line":146,"column":15},"skip":true},"47":{"start":{"line":145,"column":16},"end":{"line":145,"column":70},"skip":true},"48":{"start":{"line":149,"column":8},"end":{"line":149,"column":31},"skip":true},"49":{"start":{"line":150,"column":8},"end":{"line":150,"column":14},"skip":true},"50":{"start":{"line":158,"column":8},"end":{"line":158,"column":31},"skip":true},"51":{"start":{"line":160,"column":8},"end":{"line":160,"column":33},"skip":true},"52":{"start":{"line":161,"column":8},"end":{"line":161,"column":37},"skip":true},"53":{"start":{"line":162,"column":8},"end":{"line":162,"column":35},"skip":true},"54":{"start":{"line":164,"column":8},"end":{"line":164,"column":50},"skip":true},"55":{"start":{"line":166,"column":8},"end":{"line":256,"column":2},"skip":true},"56":{"start":{"line":258,"column":8},"end":{"line":286,"column":9},"skip":true},"57":{"start":{"line":259,"column":12},"end":{"line":269,"column":14},"skip":true},"58":{"start":{"line":271,"column":12},"end":{"line":285,"column":19},"skip":true},"59":{"start":{"line":274,"column":20},"end":{"line":274,"column":35},"skip":true},"60":{"start":{"line":275,"column":20},"end":{"line":284,"column":21},"skip":true},"61":{"start":{"line":277,"column":24},"end":{"line":277,"column":64},"skip":true},"62":{"start":{"line":279,"column":24},"end":{"line":279,"column":40},"skip":true},"63":{"start":{"line":281,"column":24},"end":{"line":281,"column":40},"skip":true},"64":{"start":{"line":283,"column":24},"end":{"line":283,"column":39},"skip":true},"65":{"start":{"line":288,"column":8},"end":{"line":290,"column":9},"skip":true},"66":{"start":{"line":289,"column":12},"end":{"line":289,"column":18},"skip":true},"67":{"start":{"line":291,"column":8},"end":{"line":293,"column":54},"skip":true},"68":{"start":{"line":296,"column":8},"end":{"line":301,"column":37},"skip":true},"69":{"start":{"line":303,"column":8},"end":{"line":303,"column":82},"skip":true},"70":{"start":{"line":306,"column":8},"end":{"line":308,"column":9},"skip":true},"71":{"start":{"line":307,"column":12},"end":{"line":307,"column":82},"skip":true},"72":{"start":{"line":310,"column":8},"end":{"line":312,"column":9},"skip":true},"73":{"start":{"line":311,"column":12},"end":{"line":311,"column":18},"skip":true},"74":{"start":{"line":313,"column":8},"end":{"line":313,"column":54},"skip":true},"75":{"start":{"line":314,"column":8},"end":{"line":314,"column":69},"skip":true},"76":{"start":{"line":315,"column":8},"end":{"line":323,"column":36},"skip":true},"77":{"start":{"line":316,"column":12},"end":{"line":316,"column":61},"skip":true},"78":{"start":{"line":317,"column":12},"end":{"line":320,"column":13},"skip":true},"79":{"start":{"line":318,"column":16},"end":{"line":318,"column":75},"skip":true},"80":{"start":{"line":319,"column":16},"end":{"line":319,"column":23},"skip":true},"81":{"start":{"line":321,"column":12},"end":{"line":321,"column":38},"skip":true},"82":{"start":{"line":322,"column":12},"end":{"line":322,"column":27},"skip":true},"83":{"start":{"line":324,"column":8},"end":{"line":324,"column":14},"skip":true}},"branchMap":{"1":{"line":39,"type":"binary-expr","locations":[{"start":{"line":39,"column":23},"end":{"line":39,"column":62}},{"start":{"line":40,"column":20},"end":{"line":40,"column":70}},{"start":{"line":41,"column":20},"end":{"line":41,"column":71}},{"start":{"line":42,"column":20},"end":{"line":42,"column":29}}]},"2":{"line":44,"type":"binary-expr","locations":[{"start":{"line":44,"column":23},"end":{"line":44,"column":37}},{"start":{"line":45,"column":20},"end":{"line":45,"column":61}},{"start":{"line":46,"column":20},"end":{"line":46,"column":70}},{"start":{"line":47,"column":20},"end":{"line":47,"column":26}}]},"3":{"line":51,"type":"cond-expr","locations":[{"start":{"line":52,"column":14},"end":{"line":52,"column":20}},{"start":{"line":53,"column":14},"end":{"line":53,"column":20}}]},"4":{"line":55,"type":"binary-expr","locations":[{"start":{"line":55,"column":16},"end":{"line":55,"column":44}},{"start":{"line":55,"column":49},"end":{"line":57,"column":43}}]},"5":{"line":55,"type":"cond-expr","locations":[{"start":{"line":56,"column":14},"end":{"line":56,"column":53}},{"start":{"line":57,"column":14},"end":{"line":57,"column":43}}]},"6":{"line":61,"type":"switch","locations":[{"start":{"line":68,"column":4},"end":{"line":150,"column":14},"skip":true},{"start":{"line":156,"column":4},"end":{"line":324,"column":14},"skip":true}]},"7":{"line":70,"type":"if","locations":[{"start":{"line":70,"column":12},"end":{"line":70,"column":12},"skip":true},{"start":{"line":70,"column":12},"end":{"line":70,"column":12},"skip":true}]},"8":{"line":70,"type":"binary-expr","locations":[{"start":{"line":70,"column":16},"end":{"line":70,"column":22},"skip":true},{"start":{"line":70,"column":27},"end":{"line":70,"column":32},"skip":true},{"start":{"line":71,"column":20},"end":{"line":71,"column":39},"skip":true},{"start":{"line":72,"column":20},"end":{"line":72,"column":49},"skip":true},{"start":{"line":73,"column":20},"end":{"line":73,"column":58},"skip":true},{"start":{"line":74,"column":20},"end":{"line":74,"column":69},"skip":true}]},"9":{"line":79,"type":"switch","locations":[{"start":{"line":80,"column":20},"end":{"line":80,"column":33},"skip":true},{"start":{"line":81,"column":20},"end":{"line":83,"column":30},"skip":true},{"start":{"line":84,"column":20},"end":{"line":85,"column":49},"skip":true}]},"10":{"line":89,"type":"switch","locations":[{"start":{"line":90,"column":12},"end":{"line":103,"column":22},"skip":true},{"start":{"line":105,"column":12},"end":{"line":106,"column":22},"skip":true}]},"11":{"line":89,"type":"binary-expr","locations":[{"start":{"line":89,"column":20},"end":{"line":89,"column":25},"skip":true},{"start":{"line":89,"column":29},"end":{"line":89,"column":48},"skip":true},{"start":{"line":89,"column":52},"end":{"line":89,"column":74},"skip":true}]},"12":{"line":92,"type":"if","locations":[{"start":{"line":92,"column":16},"end":{"line":92,"column":16},"skip":true},{"start":{"line":92,"column":16},"end":{"line":92,"column":16},"skip":true}]},"13":{"line":108,"type":"if","locations":[{"start":{"line":108,"column":12},"end":{"line":108,"column":12},"skip":true},{"start":{"line":108,"column":12},"end":{"line":108,"column":12},"skip":true}]},"14":{"line":108,"type":"binary-expr","locations":[{"start":{"line":108,"column":16},"end":{"line":108,"column":61},"skip":true},{"start":{"line":108,"column":66},"end":{"line":108,"column":72},"skip":true},{"start":{"line":108,"column":77},"end":{"line":108,"column":82},"skip":true},{"start":{"line":109,"column":20},"end":{"line":109,"column":39},"skip":true},{"start":{"line":110,"column":20},"end":{"line":110,"column":49},"skip":true},{"start":{"line":111,"column":20},"end":{"line":111,"column":58},"skip":true},{"start":{"line":112,"column":20},"end":{"line":112,"column":68},"skip":true}]},"15":{"line":129,"type":"if","locations":[{"start":{"line":129,"column":16},"end":{"line":129,"column":16},"skip":true},{"start":{"line":129,"column":16},"end":{"line":129,"column":16},"skip":true}]},"16":{"line":134,"type":"cond-expr","locations":[{"start":{"line":135,"column":26},"end":{"line":135,"column":29},"skip":true},{"start":{"line":136,"column":26},"end":{"line":136,"column":54},"skip":true}]},"17":{"line":164,"type":"binary-expr","locations":[{"start":{"line":164,"column":27},"end":{"line":164,"column":43},"skip":true},{"start":{"line":164,"column":47},"end":{"line":164,"column":49},"skip":true}]},"18":{"line":258,"type":"if","locations":[{"start":{"line":258,"column":8},"end":{"line":258,"column":8},"skip":true},{"start":{"line":258,"column":8},"end":{"line":258,"column":8},"skip":true}]},"19":{"line":275,"type":"switch","locations":[{"start":{"line":276,"column":20},"end":{"line":277,"column":64},"skip":true},{"start":{"line":278,"column":20},"end":{"line":279,"column":40},"skip":true},{"start":{"line":280,"column":20},"end":{"line":281,"column":40},"skip":true},{"start":{"line":282,"column":20},"end":{"line":283,"column":39},"skip":true}]},"20":{"line":288,"type":"if","locations":[{"start":{"line":288,"column":8},"end":{"line":288,"column":8},"skip":true},{"start":{"line":288,"column":8},"end":{"line":288,"column":8},"skip":true}]},"21":{"line":288,"type":"binary-expr","locations":[{"start":{"line":288,"column":12},"end":{"line":288,"column":40},"skip":true},{"start":{"line":288,"column":44},"end":{"line":288,"column":67},"skip":true}]},"22":{"line":292,"type":"binary-expr","locations":[{"start":{"line":292,"column":12},"end":{"line":292,"column":50},"skip":true},{"start":{"line":293,"column":12},"end":{"line":293,"column":53},"skip":true}]},"23":{"line":297,"type":"binary-expr","locations":[{"start":{"line":297,"column":12},"end":{"line":297,"column":67},"skip":true},{"start":{"line":298,"column":12},"end":{"line":301,"column":36},"skip":true}]},"24":{"line":303,"type":"binary-expr","locations":[{"start":{"line":303,"column":43},"end":{"line":303,"column":75},"skip":true},{"start":{"line":303,"column":79},"end":{"line":303,"column":81},"skip":true}]},"25":{"line":306,"type":"if","locations":[{"start":{"line":306,"column":8},"end":{"line":306,"column":8},"skip":true},{"start":{"line":306,"column":8},"end":{"line":306,"column":8},"skip":true}]},"26":{"line":310,"type":"if","locations":[{"start":{"line":310,"column":8},"end":{"line":310,"column":8},"skip":true},{"start":{"line":310,"column":8},"end":{"line":310,"column":8},"skip":true}]},"27":{"line":313,"type":"binary-expr","locations":[{"start":{"line":313,"column":27},"end":{"line":313,"column":43},"skip":true},{"start":{"line":313,"column":47},"end":{"line":313,"column":53},"skip":true}]},"28":{"line":317,"type":"if","locations":[{"start":{"line":317,"column":12},"end":{"line":317,"column":12},"skip":true},{"start":{"line":317,"column":12},"end":{"line":317,"column":12},"skip":true}]}},"code":["/*","example.js","","quickstart example","","instruction","    1. save this script as example.js","    2. run the shell command:","        $ npm install npmtest-halacious && PORT=8081 node example.js","    3. play with the browser-demo on http://127.0.0.1:8081","*/","","","","/* istanbul instrument in package npmtest_halacious */","/*jslint","    bitwise: true,","    browser: true,","    maxerr: 8,","    maxlen: 96,","    node: true,","    nomen: true,","    regexp: true,","    stupid: true","*/","(function () {","    'use strict';","    var local;","","","","    // run shared js-env code - init-before","    (function () {","        // init local","        local = {};","        // init modeJs","        local.modeJs = (function () {","            try {","                return typeof navigator.userAgent === 'string' &&","                    typeof document.querySelector('body') === 'object' &&","                    typeof XMLHttpRequest.prototype.open === 'function' &&","                    'browser';","            } catch (errorCaughtBrowser) {","                return module.exports &&","                    typeof process.versions.node === 'string' &&","                    typeof require('http').createServer === 'function' &&","                    'node';","            }","        }());","        // init global","        local.global = local.modeJs === 'browser'","            ? window","            : global;","        // init utility2_rollup","        local = local.global.utility2_rollup || (local.modeJs === 'browser'","            ? local.global.utility2_npmtest_halacious","            : global.utility2_moduleExports);","        // export local","        local.global.local = local;","    }());","    switch (local.modeJs) {","","","","    // init-after","    // run browser js-env code - init-after","    /* istanbul ignore next */","    case 'browser':","        local.testRunBrowser = function (event) {","            if (!event || (event &&","                    event.currentTarget &&","                    event.currentTarget.className &&","                    event.currentTarget.className.includes &&","                    event.currentTarget.className.includes('onreset'))) {","                // reset output","                Array.from(","                    document.querySelectorAll('body > .resettable')","                ).forEach(function (element) {","                    switch (element.tagName) {","                    case 'INPUT':","                    case 'TEXTAREA':","                        element.value = '';","                        break;","                    default:","                        element.textContent = '';","                    }","                });","            }","            switch (event && event.currentTarget && event.currentTarget.id) {","            case 'testRunButton1':","                // show tests","                if (document.querySelector('#testReportDiv1').style.display === 'none') {","                    document.querySelector('#testReportDiv1').style.display = 'block';","                    document.querySelector('#testRunButton1').textContent =","                        'hide internal test';","                    local.modeTest = true;","                    local.testRunDefault(local);","                // hide tests","                } else {","                    document.querySelector('#testReportDiv1').style.display = 'none';","                    document.querySelector('#testRunButton1').textContent = 'run internal test';","                }","                break;","            // custom-case","            default:","                break;","            }","            if (document.querySelector('#inputTextareaEval1') && (!event || (event &&","                    event.currentTarget &&","                    event.currentTarget.className &&","                    event.currentTarget.className.includes &&","                    event.currentTarget.className.includes('oneval')))) {","                // try to eval input-code","                try {","                    /*jslint evil: true*/","                    eval(document.querySelector('#inputTextareaEval1').value);","                } catch (errorCaught) {","                    console.error(errorCaught);","                }","            }","        };","        // log stderr and stdout to #outputTextareaStdout1","        ['error', 'log'].forEach(function (key) {","            console[key + '_original'] = console[key];","            console[key] = function () {","                var element;","                console[key + '_original'].apply(console, arguments);","                element = document.querySelector('#outputTextareaStdout1');","                if (!element) {","                    return;","                }","                // append text to #outputTextareaStdout1","                element.value += Array.from(arguments).map(function (arg) {","                    return typeof arg === 'string'","                        ? arg","                        : JSON.stringify(arg, null, 4);","                }).join(' ') + '\\n';","                // scroll textarea to bottom","                element.scrollTop = element.scrollHeight;","            };","        });","        // init event-handling","        ['change', 'click', 'keyup'].forEach(function (event) {","            Array.from(document.querySelectorAll('.on' + event)).forEach(function (element) {","                element.addEventListener(event, local.testRunBrowser);","            });","        });","        // run tests","        local.testRunBrowser();","        break;","","","","    // run node js-env code - init-after","    /* istanbul ignore next */","    case 'node':","        // export local","        module.exports = local;","        // require modules","        local.fs = require('fs');","        local.http = require('http');","        local.url = require('url');","        // init assets","        local.assetsDict = local.assetsDict || {};","        /* jslint-ignore-begin */","        local.assetsDict['/assets.index.template.html'] = '\\","<!doctype html>\\n\\","<html lang=\"en\">\\n\\","<head>\\n\\","<meta charset=\"UTF-8\">\\n\\","<meta name=\"viewport\" content=\"width=device-width, initial-scale=1\">\\n\\","<title>{{env.npm_package_name}} (v{{env.npm_package_version}})</title>\\n\\","<style>\\n\\","/*csslint\\n\\","    box-sizing: false,\\n\\","    universal-selector: false\\n\\","*/\\n\\","* {\\n\\","    box-sizing: border-box;\\n\\","}\\n\\","body {\\n\\","    background: #dde;\\n\\","    font-family: Arial, Helvetica, sans-serif;\\n\\","    margin: 2rem;\\n\\","}\\n\\","body > * {\\n\\","    margin-bottom: 1rem;\\n\\","}\\n\\",".utility2FooterDiv {\\n\\","    margin-top: 20px;\\n\\","    text-align: center;\\n\\","}\\n\\","</style>\\n\\","<style>\\n\\","/*csslint\\n\\","*/\\n\\","textarea {\\n\\","    font-family: monospace;\\n\\","    height: 10rem;\\n\\","    width: 100%;\\n\\","}\\n\\","textarea[readonly] {\\n\\","    background: #ddd;\\n\\","}\\n\\","</style>\\n\\","</head>\\n\\","<body>\\n\\","<!-- utility2-comment\\n\\","<div id=\"ajaxProgressDiv1\" style=\"background: #d00; height: 2px; left: 0; margin: 0; padding: 0; position: fixed; top: 0; transition: background 0.5s, width 1.5s; width: 25%;\"></div>\\n\\","utility2-comment -->\\n\\","<h1>\\n\\","<!-- utility2-comment\\n\\","    <a\\n\\","        {{#if env.npm_package_homepage}}\\n\\","        href=\"{{env.npm_package_homepage}}\"\\n\\","        {{/if env.npm_package_homepage}}\\n\\","        target=\"_blank\"\\n\\","    >\\n\\","utility2-comment -->\\n\\","        {{env.npm_package_name}} (v{{env.npm_package_version}})\\n\\","<!-- utility2-comment\\n\\","    </a>\\n\\","utility2-comment -->\\n\\","</h1>\\n\\","<h3>{{env.npm_package_description}}</h3>\\n\\","<!-- utility2-comment\\n\\","<h4><a download href=\"assets.app.js\">download standalone app</a></h4>\\n\\","<button class=\"onclick onreset\" id=\"testRunButton1\">run internal test</button><br>\\n\\","<div id=\"testReportDiv1\" style=\"display: none;\"></div>\\n\\","utility2-comment -->\\n\\","\\n\\","\\n\\","\\n\\","<label>stderr and stdout</label>\\n\\","<textarea class=\"resettable\" id=\"outputTextareaStdout1\" readonly></textarea>\\n\\","<!-- utility2-comment\\n\\","{{#if isRollup}}\\n\\","<script src=\"assets.app.js\"></script>\\n\\","{{#unless isRollup}}\\n\\","utility2-comment -->\\n\\","<script src=\"assets.utility2.rollup.js\"></script>\\n\\","<script src=\"jsonp.utility2._stateInit?callback=window.utility2._stateInit\"></script>\\n\\","<script src=\"assets.npmtest_halacious.rollup.js\"></script>\\n\\","<script src=\"assets.example.js\"></script>\\n\\","<script src=\"assets.test.js\"></script>\\n\\","<!-- utility2-comment\\n\\","{{/if isRollup}}\\n\\","utility2-comment -->\\n\\","<div class=\"utility2FooterDiv\">\\n\\","    [ this app was created with\\n\\","    <a href=\"https://github.com/kaizhu256/node-utility2\" target=\"_blank\">utility2</a>\\n\\","    ]\\n\\","</div>\\n\\","</body>\\n\\","</html>\\n\\","';","        /* jslint-ignore-end */","        if (local.templateRender) {","            local.assetsDict['/'] = local.templateRender(","                local.assetsDict['/assets.index.template.html'],","                {","                    env: local.objectSetDefault(local.env, {","                        npm_package_description: 'the greatest app in the world!',","                        npm_package_name: 'my-app',","                        npm_package_nameAlias: 'my_app',","                        npm_package_version: '0.0.1'","                    })","                }","            );","        } else {","            local.assetsDict['/'] = local.assetsDict['/assets.index.template.html']","                .replace((/\\{\\{env\\.(\\w+?)\\}\\}/g), function (match0, match1) {","                    // jslint-hack","                    String(match0);","                    switch (match1) {","                    case 'npm_package_description':","                        return 'the greatest app in the world!';","                    case 'npm_package_name':","                        return 'my-app';","                    case 'npm_package_nameAlias':","                        return 'my_app';","                    case 'npm_package_version':","                        return '0.0.1';","                    }","                });","        }","        // run the cli","        if (local.global.utility2_rollup || module !== require.main) {","            break;","        }","        local.assetsDict['/assets.example.js'] =","            local.assetsDict['/assets.example.js'] ||","            local.fs.readFileSync(__filename, 'utf8');","        // bug-workaround - long $npm_package_buildCustomOrg","        /* jslint-ignore-begin */","        local.assetsDict['/assets.npmtest_halacious.rollup.js'] =","            local.assetsDict['/assets.npmtest_halacious.rollup.js'] ||","            local.fs.readFileSync(","                local.npmtest_halacious.__dirname + '/lib.npmtest_halacious.js',","                'utf8'","            ).replace((/^#!/), '//');","        /* jslint-ignore-end */","        local.assetsDict['/favicon.ico'] = local.assetsDict['/favicon.ico'] || '';","        // if $npm_config_timeout_exit exists,","        // then exit this process after $npm_config_timeout_exit ms","        if (Number(process.env.npm_config_timeout_exit)) {","            setTimeout(process.exit, Number(process.env.npm_config_timeout_exit));","        }","        // start server","        if (local.global.utility2_serverHttp1) {","            break;","        }","        process.env.PORT = process.env.PORT || '8081';","        console.error('server starting on port ' + process.env.PORT);","        local.http.createServer(function (request, response) {","            request.urlParsed = local.url.parse(request.url);","            if (local.assetsDict[request.urlParsed.pathname] !== undefined) {","                response.end(local.assetsDict[request.urlParsed.pathname]);","                return;","            }","            response.statusCode = 404;","            response.end();","        }).listen(process.env.PORT);","        break;","    }","}());",""],"l":{"26":2,"28":2,"33":2,"35":2,"37":2,"38":2,"39":2,"44":1,"51":2,"55":2,"59":2,"61":2,"69":1,"70":2,"76":2,"79":2,"82":2,"83":2,"85":1,"89":2,"92":1,"93":1,"94":1,"96":1,"97":1,"100":1,"101":1,"103":1,"106":1,"108":2,"114":1,"116":1,"118":1,"123":1,"124":2,"125":2,"126":3,"127":3,"128":3,"129":3,"130":1,"133":3,"134":3,"139":3,"143":1,"144":3,"145":1,"149":1,"150":1,"158":1,"160":1,"161":1,"162":1,"164":1,"166":1,"258":1,"259":1,"271":1,"274":6,"275":6,"277":1,"279":2,"281":1,"283":2,"288":1,"289":1,"291":1,"296":1,"303":1,"306":1,"307":1,"310":1,"311":1,"313":1,"314":1,"315":1,"316":1,"317":1,"318":1,"319":1,"321":1,"322":1,"324":1}},"/home/travis/build/npmtest/node-npmtest-halacious/node_modules/halacious/index.js":{"path":"/home/travis/build/npmtest/node-npmtest-halacious/node_modules/halacious/index.js","s":{"1":2},"b":{},"f":{},"fnMap":{},"statementMap":{"1":{"start":{"line":3,"column":0},"end":{"line":3,"column":34}}},"branchMap":{},"code":["'use strict';","","module.exports = require('./lib');"],"l":{"3":2}},"/home/travis/build/npmtest/node-npmtest-halacious/node_modules/halacious/lib/index.js":{"path":"/home/travis/build/npmtest/node-npmtest-halacious/node_modules/halacious/lib/index.js","s":{"1":2},"b":{},"f":{},"fnMap":{},"statementMap":{"1":{"start":{"line":3,"column":0},"end":{"line":3,"column":37}}},"branchMap":{},"code":["'use strict';","","module.exports = require('./plugin');"],"l":{"3":2}},"/home/travis/build/npmtest/node-npmtest-halacious/node_modules/halacious/lib/plugin.js":{"path":"/home/travis/build/npmtest/node-npmtest-halacious/node_modules/halacious/lib/plugin.js","s":{"1":4,"2":4,"3":0,"4":0,"5":0,"6":0,"7":0,"8":0,"9":0,"10":0,"11":0,"12":0,"13":0,"14":0,"15":0,"16":0,"17":0,"18":0,"19":1,"20":0,"21":0,"22":0,"23":0,"24":1,"25":0,"26":0,"27":0,"28":0,"29":0,"30":0,"31":0,"32":0,"33":0,"34":0,"35":0,"36":0,"37":0,"38":0,"39":0,"40":0,"41":0,"42":0,"43":0,"44":0,"45":0,"46":0,"47":0,"48":0,"49":0,"50":0,"51":0,"52":0,"53":0,"54":0,"55":0,"56":0,"57":0,"58":0,"59":0,"60":0,"61":0,"62":0,"63":0,"64":0,"65":0,"66":0,"67":0,"68":0,"69":0,"70":0,"71":0,"72":0,"73":0,"74":0,"75":0,"76":0,"77":0,"78":0,"79":0,"80":0,"81":0,"82":0,"83":0,"84":0,"85":0,"86":0,"87":0,"88":0,"89":0,"90":0,"91":0,"92":0,"93":0,"94":0,"95":0,"96":0,"97":0,"98":0,"99":0,"100":0,"101":0,"102":0,"103":0,"104":0,"105":0,"106":0,"107":0,"108":0,"109":0,"110":0,"111":0,"112":0,"113":0,"114":0,"115":0,"116":0,"117":0,"118":0,"119":0,"120":0,"121":0,"122":0,"123":0,"124":0,"125":0,"126":0,"127":0,"128":0,"129":0,"130":0,"131":0,"132":0,"133":0,"134":0,"135":0,"136":0,"137":0,"138":0,"139":0,"140":0,"141":0,"142":0,"143":0,"144":0,"145":0,"146":0,"147":0,"148":0,"149":0,"150":0,"151":0,"152":0,"153":0,"154":0,"155":0,"156":0,"157":0,"158":0,"159":0,"160":0,"161":0,"162":0,"163":0,"164":0,"165":0,"166":0,"167":0,"168":0,"169":0,"170":0,"171":0,"172":0,"173":0,"174":0,"175":0,"176":0,"177":0,"178":0,"179":0,"180":0,"181":0,"182":0,"183":0,"184":0,"185":0,"186":0,"187":0,"188":0,"189":0,"190":0,"191":0,"192":0,"193":0,"194":0,"195":0,"196":0,"197":0,"198":0,"199":0,"200":0,"201":0,"202":0,"203":0,"204":0,"205":0,"206":0,"207":0,"208":0,"209":0,"210":0,"211":0,"212":0,"213":0,"214":0,"215":0,"216":0,"217":0,"218":0,"219":0,"220":0,"221":0,"222":0,"223":0,"224":0,"225":0,"226":0,"227":0,"228":0,"229":0,"230":0,"231":0,"232":0,"233":0,"234":0,"235":0,"236":0,"237":0,"238":0,"239":0,"240":0,"241":0,"242":0,"243":0,"244":0,"245":0,"246":0,"247":0,"248":0,"249":0,"250":0,"251":0,"252":0,"253":0,"254":0,"255":0,"256":0,"257":0,"258":0,"259":0,"260":0,"261":0,"262":0,"263":0,"264":0,"265":0,"266":0,"267":0,"268":0,"269":0,"270":0,"271":0,"272":0,"273":0,"274":0,"275":0,"276":0,"277":0,"278":0,"279":0,"280":0,"281":0,"282":0,"283":0,"284":0,"285":0,"286":0,"287":0,"288":0,"289":0,"290":0,"291":0,"292":0,"293":0,"294":0,"295":0,"296":0,"297":0,"298":0,"299":0,"300":0,"301":0,"302":0,"303":0,"304":0,"305":0,"306":0,"307":0,"308":0,"309":0,"310":0,"311":0,"312":0,"313":0,"314":0,"315":0,"316":0,"317":0,"318":0,"319":0,"320":0,"321":0,"322":0,"323":0,"324":0},"b":{"1":[0,0],"2":[0,0],"3":[0,0],"4":[0,0],"5":[0,0],"6":[0,0],"7":[0,0],"8":[0,0],"9":[0,0],"10":[0,0,0],"11":[0,0],"12":[0,0,0],"13":[0,0],"14":[0,0],"15":[0,0],"16":[0,0],"17":[0,0],"18":[0,0],"19":[0,0],"20":[0,0],"21":[0,0],"22":[0,0],"23":[0,0],"24":[0,0],"25":[0,0],"26":[0,0],"27":[0,0,0],"28":[0,0],"29":[0,0],"30":[0,0],"31":[0,0],"32":[0,0],"33":[0,0],"34":[0,0],"35":[0,0],"36":[0,0],"37":[0,0],"38":[0,0],"39":[0,0],"40":[0,0],"41":[0,0],"42":[0,0],"43":[0,0],"44":[0,0],"45":[0,0],"46":[0,0],"47":[0,0],"48":[0,0],"49":[0,0],"50":[0,0],"51":[0,0],"52":[0,0],"53":[0,0],"54":[0,0],"55":[0,0],"56":[0,0],"57":[0,0],"58":[0,0],"59":[0,0],"60":[0,0],"61":[0,0],"62":[0,0],"63":[0,0],"64":[0,0],"65":[0,0],"66":[0,0],"67":[0,0],"68":[0,0],"69":[0,0],"70":[0,0],"71":[0,0],"72":[0,0,0],"73":[0,0],"74":[0,0,0],"75":[0,0],"76":[0,0],"77":[0,0],"78":[0,0],"79":[0,0],"80":[0,0],"81":[0,0],"82":[0,0],"83":[0,0],"84":[0,0],"85":[0,0],"86":[0,0],"87":[0,0],"88":[0,0],"89":[0,0],"90":[0,0]},"f":{"1":0,"2":0,"3":0,"4":0,"5":0,"6":0,"7":0,"8":0,"9":0,"10":0,"11":0,"12":0,"13":0,"14":0,"15":0,"16":0,"17":0,"18":0,"19":0,"20":0,"21":0,"22":0,"23":0,"24":0,"25":0,"26":0,"27":0,"28":0,"29":0,"30":0,"31":0,"32":0,"33":0,"34":0,"35":0,"36":0,"37":0,"38":0,"39":0,"40":0,"41":0,"42":0,"43":0,"44":0,"45":0,"46":0,"47":0,"48":0,"49":0,"50":0,"51":0,"52":0,"53":0,"54":0,"55":0,"56":0,"57":0,"58":0,"59":0,"60":0,"61":0,"62":0,"63":0,"64":0,"65":0,"66":0,"67":0},"fnMap":{"1":{"name":"reach","line":24,"loc":{"start":{"line":24,"column":0},"end":{"line":24,"column":29}}},"2":{"name":"flattenContext","line":41,"loc":{"start":{"line":41,"column":0},"end":{"line":41,"column":39}}},"3":{"name":"(anonymous_3)","line":79,"loc":{"start":{"line":79,"column":19},"end":{"line":79,"column":49}}},"4":{"name":"(anonymous_4)","line":82,"loc":{"start":{"line":82,"column":38},"end":{"line":82,"column":64}}},"5":{"name":"(anonymous_5)","line":115,"loc":{"start":{"line":115,"column":21},"end":{"line":115,"column":33}}},"6":{"name":"(anonymous_6)","line":146,"loc":{"start":{"line":146,"column":21},"end":{"line":146,"column":36}}},"7":{"name":"(anonymous_7)","line":152,"loc":{"start":{"line":152,"column":55},"end":{"line":152,"column":77}}},"8":{"name":"(anonymous_8)","line":164,"loc":{"start":{"line":164,"column":21},"end":{"line":164,"column":42}}},"9":{"name":"(anonymous_9)","line":166,"loc":{"start":{"line":166,"column":30},"end":{"line":166,"column":46}}},"10":{"name":"(anonymous_10)","line":174,"loc":{"start":{"line":174,"column":23},"end":{"line":174,"column":42}}},"11":{"name":"(anonymous_11)","line":182,"loc":{"start":{"line":182,"column":27},"end":{"line":182,"column":39}}},"12":{"name":"(anonymous_12)","line":191,"loc":{"start":{"line":191,"column":31},"end":{"line":191,"column":52}}},"13":{"name":"(anonymous_13)","line":196,"loc":{"start":{"line":196,"column":52},"end":{"line":196,"column":74}}},"14":{"name":"(anonymous_14)","line":219,"loc":{"start":{"line":219,"column":34},"end":{"line":219,"column":55}}},"15":{"name":"(anonymous_15)","line":239,"loc":{"start":{"line":239,"column":26},"end":{"line":239,"column":47}}},"16":{"name":"(anonymous_16)","line":247,"loc":{"start":{"line":247,"column":21},"end":{"line":247,"column":33}}},"17":{"name":"(anonymous_17)","line":250,"loc":{"start":{"line":250,"column":21},"end":{"line":250,"column":35}}},"18":{"name":"(anonymous_18)","line":262,"loc":{"start":{"line":262,"column":25},"end":{"line":262,"column":51}}},"19":{"name":"(anonymous_19)","line":275,"loc":{"start":{"line":275,"column":20},"end":{"line":275,"column":47}}},"20":{"name":"(anonymous_20)","line":308,"loc":{"start":{"line":308,"column":67},"end":{"line":308,"column":89}}},"21":{"name":"(anonymous_21)","line":320,"loc":{"start":{"line":320,"column":32},"end":{"line":320,"column":52}}},"22":{"name":"(anonymous_22)","line":323,"loc":{"start":{"line":323,"column":21},"end":{"line":323,"column":43}}},"23":{"name":"(anonymous_23)","line":333,"loc":{"start":{"line":333,"column":25},"end":{"line":333,"column":45}}},"24":{"name":"(anonymous_24)","line":336,"loc":{"start":{"line":336,"column":21},"end":{"line":336,"column":43}}},"25":{"name":"(anonymous_25)","line":341,"loc":{"start":{"line":341,"column":42},"end":{"line":341,"column":63}}},"26":{"name":"(anonymous_26)","line":375,"loc":{"start":{"line":375,"column":31},"end":{"line":375,"column":47}}},"27":{"name":"(anonymous_27)","line":384,"loc":{"start":{"line":384,"column":21},"end":{"line":384,"column":49}}},"28":{"name":"(anonymous_28)","line":387,"loc":{"start":{"line":387,"column":49},"end":{"line":387,"column":71}}},"29":{"name":"(anonymous_29)","line":408,"loc":{"start":{"line":408,"column":28},"end":{"line":408,"column":49}}},"30":{"name":"(anonymous_30)","line":416,"loc":{"start":{"line":416,"column":20},"end":{"line":416,"column":41}}},"31":{"name":"(anonymous_31)","line":435,"loc":{"start":{"line":435,"column":22},"end":{"line":435,"column":49}}},"32":{"name":"(anonymous_32)","line":438,"loc":{"start":{"line":438,"column":110},"end":{"line":438,"column":124}}},"33":{"name":"(anonymous_33)","line":451,"loc":{"start":{"line":451,"column":29},"end":{"line":451,"column":59}}},"34":{"name":"configureRepresentation","line":468,"loc":{"start":{"line":468,"column":40},"end":{"line":468,"column":96}}},"35":{"name":"(anonymous_35)","line":469,"loc":{"start":{"line":469,"column":26},"end":{"line":469,"column":47}}},"36":{"name":"(anonymous_36)","line":481,"loc":{"start":{"line":481,"column":36},"end":{"line":481,"column":57}}},"37":{"name":"(anonymous_37)","line":497,"loc":{"start":{"line":497,"column":23},"end":{"line":497,"column":43}}},"38":{"name":"(anonymous_38)","line":498,"loc":{"start":{"line":498,"column":23},"end":{"line":498,"column":46}}},"39":{"name":"(anonymous_39)","line":512,"loc":{"start":{"line":512,"column":32},"end":{"line":512,"column":52}}},"40":{"name":"(anonymous_40)","line":526,"loc":{"start":{"line":526,"column":32},"end":{"line":526,"column":57}}},"41":{"name":"(anonymous_41)","line":535,"loc":{"start":{"line":535,"column":59},"end":{"line":535,"column":78}}},"42":{"name":"(anonymous_42)","line":554,"loc":{"start":{"line":554,"column":37},"end":{"line":554,"column":58}}},"43":{"name":"(anonymous_43)","line":562,"loc":{"start":{"line":562,"column":44},"end":{"line":562,"column":62}}},"44":{"name":"(anonymous_44)","line":567,"loc":{"start":{"line":567,"column":15},"end":{"line":567,"column":30}}},"45":{"name":"(anonymous_45)","line":590,"loc":{"start":{"line":590,"column":29},"end":{"line":590,"column":60}}},"46":{"name":"(anonymous_46)","line":601,"loc":{"start":{"line":601,"column":25},"end":{"line":601,"column":58}}},"47":{"name":"(anonymous_47)","line":619,"loc":{"start":{"line":619,"column":31},"end":{"line":619,"column":75}}},"48":{"name":"(anonymous_48)","line":638,"loc":{"start":{"line":638,"column":25},"end":{"line":638,"column":59}}},"49":{"name":"(anonymous_49)","line":660,"loc":{"start":{"line":660,"column":39},"end":{"line":660,"column":61}}},"50":{"name":"(anonymous_50)","line":664,"loc":{"start":{"line":664,"column":33},"end":{"line":664,"column":51}}},"51":{"name":"(anonymous_51)","line":668,"loc":{"start":{"line":668,"column":36},"end":{"line":668,"column":55}}},"52":{"name":"(anonymous_52)","line":674,"loc":{"start":{"line":674,"column":34},"end":{"line":674,"column":53}}},"53":{"name":"(anonymous_53)","line":679,"loc":{"start":{"line":679,"column":35},"end":{"line":679,"column":55}}},"54":{"name":"(anonymous_54)","line":683,"loc":{"start":{"line":683,"column":29},"end":{"line":683,"column":48}}},"55":{"name":"(anonymous_55)","line":698,"loc":{"start":{"line":698,"column":26},"end":{"line":698,"column":57}}},"56":{"name":"(anonymous_56)","line":703,"loc":{"start":{"line":703,"column":20},"end":{"line":703,"column":41}}},"57":{"name":"(anonymous_57)","line":737,"loc":{"start":{"line":737,"column":31},"end":{"line":737,"column":60}}},"58":{"name":"(anonymous_58)","line":740,"loc":{"start":{"line":740,"column":21},"end":{"line":740,"column":43}}},"59":{"name":"(anonymous_59)","line":756,"loc":{"start":{"line":756,"column":34},"end":{"line":756,"column":61}}},"60":{"name":"(anonymous_60)","line":759,"loc":{"start":{"line":759,"column":21},"end":{"line":759,"column":43}}},"61":{"name":"(anonymous_61)","line":769,"loc":{"start":{"line":769,"column":26},"end":{"line":769,"column":46}}},"62":{"name":"(anonymous_62)","line":770,"loc":{"start":{"line":770,"column":43},"end":{"line":770,"column":58}}},"63":{"name":"(anonymous_63)","line":777,"loc":{"start":{"line":777,"column":30},"end":{"line":777,"column":51}}},"64":{"name":"(anonymous_64)","line":778,"loc":{"start":{"line":778,"column":45},"end":{"line":778,"column":60}}},"65":{"name":"(anonymous_65)","line":805,"loc":{"start":{"line":805,"column":28},"end":{"line":805,"column":54}}},"66":{"name":"(anonymous_66)","line":828,"loc":{"start":{"line":828,"column":62},"end":{"line":828,"column":82}}},"67":{"name":"(anonymous_67)","line":868,"loc":{"start":{"line":868,"column":25},"end":{"line":868,"column":48}}}},"statementMap":{"1":{"start":{"line":3,"column":0},"end":{"line":3,"column":25}},"2":{"start":{"line":4,"column":0},"end":{"line":4,"column":27}},"3":{"start":{"line":5,"column":0},"end":{"line":5,"column":26}},"4":{"start":{"line":6,"column":0},"end":{"line":6,"column":23}},"5":{"start":{"line":7,"column":0},"end":{"line":7,"column":27}},"6":{"start":{"line":8,"column":0},"end":{"line":8,"column":27}},"7":{"start":{"line":9,"column":0},"end":{"line":9,"column":25}},"8":{"start":{"line":10,"column":0},"end":{"line":10,"column":27}},"9":{"start":{"line":11,"column":0},"end":{"line":11,"column":29}},"10":{"start":{"line":12,"column":0},"end":{"line":12,"column":31}},"11":{"start":{"line":13,"column":0},"end":{"line":13,"column":78}},"12":{"start":{"line":14,"column":0},"end":{"line":14,"column":42}},"13":{"start":{"line":15,"column":0},"end":{"line":15,"column":39}},"14":{"start":{"line":16,"column":0},"end":{"line":16,"column":51}},"15":{"start":{"line":17,"column":0},"end":{"line":17,"column":25}},"16":{"start":{"line":18,"column":0},"end":{"line":18,"column":27}},"17":{"start":{"line":20,"column":0},"end":{"line":20,"column":43}},"18":{"start":{"line":22,"column":0},"end":{"line":22,"column":38}},"19":{"start":{"line":24,"column":0},"end":{"line":32,"column":1}},"20":{"start":{"line":25,"column":4},"end":{"line":25,"column":44}},"21":{"start":{"line":27,"column":4},"end":{"line":29,"column":5}},"22":{"start":{"line":28,"column":8},"end":{"line":28,"column":34}},"23":{"start":{"line":31,"column":4},"end":{"line":31,"column":18}},"24":{"start":{"line":41,"column":0},"end":{"line":52,"column":1}},"25":{"start":{"line":42,"column":4},"end":{"line":42,"column":25}},"26":{"start":{"line":44,"column":4},"end":{"line":49,"column":5}},"27":{"start":{"line":45,"column":8},"end":{"line":48,"column":9}},"28":{"start":{"line":46,"column":12},"end":{"line":46,"column":43}},"29":{"start":{"line":47,"column":12},"end":{"line":47,"column":55}},"30":{"start":{"line":51,"column":4},"end":{"line":51,"column":18}},"31":{"start":{"line":54,"column":0},"end":{"line":71,"column":2}},"32":{"start":{"line":79,"column":0},"end":{"line":903,"column":2}},"33":{"start":{"line":80,"column":4},"end":{"line":80,"column":24}},"34":{"start":{"line":82,"column":4},"end":{"line":86,"column":7}},"35":{"start":{"line":83,"column":8},"end":{"line":83,"column":27}},"36":{"start":{"line":83,"column":17},"end":{"line":83,"column":27}},"37":{"start":{"line":85,"column":8},"end":{"line":85,"column":29}},"38":{"start":{"line":88,"column":4},"end":{"line":88,"column":39}},"39":{"start":{"line":90,"column":4},"end":{"line":90,"column":94}},"40":{"start":{"line":92,"column":4},"end":{"line":92,"column":23}},"41":{"start":{"line":95,"column":4},"end":{"line":95,"column":26}},"42":{"start":{"line":96,"column":4},"end":{"line":96,"column":28}},"43":{"start":{"line":99,"column":4},"end":{"line":118,"column":6}},"44":{"start":{"line":116,"column":16},"end":{"line":116,"column":107}},"45":{"start":{"line":121,"column":4},"end":{"line":172,"column":6}},"46":{"start":{"line":147,"column":16},"end":{"line":147,"column":44}},"47":{"start":{"line":149,"column":16},"end":{"line":149,"column":57}},"48":{"start":{"line":149,"column":37},"end":{"line":149,"column":57}},"49":{"start":{"line":151,"column":16},"end":{"line":151,"column":99}},"50":{"start":{"line":152,"column":16},"end":{"line":155,"column":19}},"51":{"start":{"line":153,"column":20},"end":{"line":153,"column":39}},"52":{"start":{"line":153,"column":29},"end":{"line":153,"column":39}},"53":{"start":{"line":154,"column":20},"end":{"line":154,"column":32}},"54":{"start":{"line":156,"column":16},"end":{"line":156,"column":42}},"55":{"start":{"line":157,"column":16},"end":{"line":157,"column":37}},"56":{"start":{"line":158,"column":16},"end":{"line":158,"column":28}},"57":{"start":{"line":165,"column":16},"end":{"line":165,"column":54}},"58":{"start":{"line":166,"column":16},"end":{"line":168,"column":25}},"59":{"start":{"line":167,"column":20},"end":{"line":167,"column":67}},"60":{"start":{"line":170,"column":16},"end":{"line":170,"column":28}},"61":{"start":{"line":174,"column":4},"end":{"line":176,"column":6}},"62":{"start":{"line":175,"column":8},"end":{"line":175,"column":66}},"63":{"start":{"line":182,"column":4},"end":{"line":184,"column":6}},"64":{"start":{"line":183,"column":8},"end":{"line":183,"column":60}},"65":{"start":{"line":191,"column":4},"end":{"line":213,"column":6}},"66":{"start":{"line":193,"column":8},"end":{"line":193,"column":89}},"67":{"start":{"line":196,"column":8},"end":{"line":202,"column":11}},"68":{"start":{"line":197,"column":12},"end":{"line":197,"column":31}},"69":{"start":{"line":197,"column":21},"end":{"line":197,"column":31}},"70":{"start":{"line":198,"column":12},"end":{"line":198,"column":30}},"71":{"start":{"line":201,"column":12},"end":{"line":201,"column":32}},"72":{"start":{"line":204,"column":8},"end":{"line":206,"column":9}},"73":{"start":{"line":205,"column":12},"end":{"line":205,"column":51}},"74":{"start":{"line":209,"column":8},"end":{"line":209,"column":53}},"75":{"start":{"line":210,"column":8},"end":{"line":210,"column":57}},"76":{"start":{"line":212,"column":8},"end":{"line":212,"column":25}},"77":{"start":{"line":219,"column":4},"end":{"line":232,"column":6}},"78":{"start":{"line":220,"column":8},"end":{"line":220,"column":15}},"79":{"start":{"line":222,"column":8},"end":{"line":231,"column":9}},"80":{"start":{"line":223,"column":12},"end":{"line":223,"column":34}},"81":{"start":{"line":224,"column":12},"end":{"line":224,"column":36}},"82":{"start":{"line":226,"column":12},"end":{"line":226,"column":45}},"83":{"start":{"line":227,"column":12},"end":{"line":230,"column":13}},"84":{"start":{"line":228,"column":16},"end":{"line":228,"column":51}},"85":{"start":{"line":229,"column":16},"end":{"line":229,"column":60}},"86":{"start":{"line":239,"column":4},"end":{"line":241,"column":6}},"87":{"start":{"line":240,"column":8},"end":{"line":240,"column":43}},"88":{"start":{"line":247,"column":4},"end":{"line":254,"column":6}},"89":{"start":{"line":248,"column":8},"end":{"line":248,"column":22}},"90":{"start":{"line":249,"column":8},"end":{"line":252,"column":15}},"91":{"start":{"line":251,"column":16},"end":{"line":251,"column":60}},"92":{"start":{"line":253,"column":8},"end":{"line":253,"column":38}},"93":{"start":{"line":262,"column":4},"end":{"line":267,"column":6}},"94":{"start":{"line":263,"column":8},"end":{"line":263,"column":45}},"95":{"start":{"line":264,"column":8},"end":{"line":264,"column":67}},"96":{"start":{"line":264,"column":17},"end":{"line":264,"column":67}},"97":{"start":{"line":265,"column":8},"end":{"line":265,"column":20}},"98":{"start":{"line":266,"column":8},"end":{"line":266,"column":33}},"99":{"start":{"line":275,"column":4},"end":{"line":314,"column":6}},"100":{"start":{"line":276,"column":8},"end":{"line":276,"column":27}},"101":{"start":{"line":278,"column":8},"end":{"line":287,"column":9}},"102":{"start":{"line":280,"column":12},"end":{"line":284,"column":13}},"103":{"start":{"line":281,"column":16},"end":{"line":281,"column":45}},"104":{"start":{"line":282,"column":16},"end":{"line":282,"column":50}},"105":{"start":{"line":283,"column":16},"end":{"line":283,"column":32}},"106":{"start":{"line":286,"column":12},"end":{"line":286,"column":45}},"107":{"start":{"line":290,"column":8},"end":{"line":311,"column":9}},"108":{"start":{"line":291,"column":12},"end":{"line":305,"column":13}},"109":{"start":{"line":294,"column":16},"end":{"line":294,"column":36}},"110":{"start":{"line":296,"column":19},"end":{"line":305,"column":13}},"111":{"start":{"line":299,"column":16},"end":{"line":299,"column":39}},"112":{"start":{"line":300,"column":16},"end":{"line":300,"column":36}},"113":{"start":{"line":304,"column":16},"end":{"line":304,"column":68}},"114":{"start":{"line":308,"column":12},"end":{"line":310,"column":15}},"115":{"start":{"line":309,"column":16},"end":{"line":309,"column":28}},"116":{"start":{"line":313,"column":8},"end":{"line":313,"column":19}},"117":{"start":{"line":320,"column":4},"end":{"line":327,"column":6}},"118":{"start":{"line":321,"column":8},"end":{"line":326,"column":10}},"119":{"start":{"line":324,"column":16},"end":{"line":324,"column":97}},"120":{"start":{"line":333,"column":4},"end":{"line":353,"column":6}},"121":{"start":{"line":334,"column":8},"end":{"line":352,"column":10}},"122":{"start":{"line":337,"column":16},"end":{"line":337,"column":78}},"123":{"start":{"line":338,"column":16},"end":{"line":338,"column":62}},"124":{"start":{"line":338,"column":26},"end":{"line":338,"column":62}},"125":{"start":{"line":340,"column":16},"end":{"line":350,"column":17}},"126":{"start":{"line":341,"column":20},"end":{"line":347,"column":23}},"127":{"start":{"line":342,"column":24},"end":{"line":346,"column":25}},"128":{"start":{"line":343,"column":28},"end":{"line":343,"column":94}},"129":{"start":{"line":345,"column":28},"end":{"line":345,"column":58}},"130":{"start":{"line":349,"column":20},"end":{"line":349,"column":52}},"131":{"start":{"line":356,"column":4},"end":{"line":373,"column":6}},"132":{"start":{"line":375,"column":4},"end":{"line":377,"column":6}},"133":{"start":{"line":376,"column":8},"end":{"line":376,"column":89}},"134":{"start":{"line":384,"column":4},"end":{"line":398,"column":6}},"135":{"start":{"line":385,"column":8},"end":{"line":385,"column":60}},"136":{"start":{"line":386,"column":8},"end":{"line":386,"column":90}},"137":{"start":{"line":387,"column":8},"end":{"line":390,"column":11}},"138":{"start":{"line":388,"column":12},"end":{"line":388,"column":31}},"139":{"start":{"line":388,"column":21},"end":{"line":388,"column":31}},"140":{"start":{"line":389,"column":12},"end":{"line":389,"column":25}},"141":{"start":{"line":392,"column":8},"end":{"line":395,"column":9}},"142":{"start":{"line":393,"column":12},"end":{"line":394,"column":28}},"143":{"start":{"line":397,"column":8},"end":{"line":397,"column":20}},"144":{"start":{"line":401,"column":4},"end":{"line":401,"column":30}},"145":{"start":{"line":408,"column":4},"end":{"line":427,"column":6}},"146":{"start":{"line":409,"column":8},"end":{"line":409,"column":29}},"147":{"start":{"line":411,"column":8},"end":{"line":413,"column":9}},"148":{"start":{"line":412,"column":12},"end":{"line":412,"column":56}},"149":{"start":{"line":415,"column":8},"end":{"line":418,"column":19}},"150":{"start":{"line":417,"column":16},"end":{"line":417,"column":46}},"151":{"start":{"line":420,"column":8},"end":{"line":426,"column":9}},"152":{"start":{"line":421,"column":12},"end":{"line":421,"column":30}},"153":{"start":{"line":422,"column":12},"end":{"line":425,"column":13}},"154":{"start":{"line":423,"column":16},"end":{"line":423,"column":56}},"155":{"start":{"line":424,"column":16},"end":{"line":424,"column":29}},"156":{"start":{"line":435,"column":4},"end":{"line":443,"column":6}},"157":{"start":{"line":436,"column":8},"end":{"line":436,"column":77}},"158":{"start":{"line":437,"column":8},"end":{"line":437,"column":81}},"159":{"start":{"line":437,"column":20},"end":{"line":437,"column":81}},"160":{"start":{"line":438,"column":8},"end":{"line":440,"column":12}},"161":{"start":{"line":439,"column":12},"end":{"line":439,"column":75}},"162":{"start":{"line":441,"column":8},"end":{"line":441,"column":68}},"163":{"start":{"line":442,"column":8},"end":{"line":442,"column":43}},"164":{"start":{"line":451,"column":4},"end":{"line":459,"column":6}},"165":{"start":{"line":452,"column":8},"end":{"line":452,"column":65}},"166":{"start":{"line":454,"column":8},"end":{"line":456,"column":9}},"167":{"start":{"line":455,"column":12},"end":{"line":455,"column":53}},"168":{"start":{"line":458,"column":8},"end":{"line":458,"column":20}},"169":{"start":{"line":468,"column":4},"end":{"line":581,"column":6}},"170":{"start":{"line":469,"column":8},"end":{"line":472,"column":10}},"171":{"start":{"line":470,"column":12},"end":{"line":471,"column":51}},"172":{"start":{"line":474,"column":8},"end":{"line":580,"column":9}},"173":{"start":{"line":475,"column":12},"end":{"line":475,"column":36}},"174":{"start":{"line":478,"column":12},"end":{"line":478,"column":67}},"175":{"start":{"line":478,"column":38},"end":{"line":478,"column":67}},"176":{"start":{"line":481,"column":12},"end":{"line":490,"column":15}},"177":{"start":{"line":482,"column":16},"end":{"line":482,"column":59}},"178":{"start":{"line":483,"column":16},"end":{"line":483,"column":59}},"179":{"start":{"line":484,"column":16},"end":{"line":484,"column":36}},"180":{"start":{"line":487,"column":16},"end":{"line":489,"column":17}},"181":{"start":{"line":488,"column":20},"end":{"line":488,"column":46}},"182":{"start":{"line":497,"column":12},"end":{"line":505,"column":14}},"183":{"start":{"line":498,"column":16},"end":{"line":504,"column":18}},"184":{"start":{"line":499,"column":20},"end":{"line":503,"column":21}},"185":{"start":{"line":500,"column":24},"end":{"line":500,"column":38}},"186":{"start":{"line":502,"column":24},"end":{"line":502,"column":54}},"187":{"start":{"line":512,"column":12},"end":{"line":518,"column":14}},"188":{"start":{"line":513,"column":16},"end":{"line":517,"column":17}},"189":{"start":{"line":514,"column":20},"end":{"line":514,"column":54}},"190":{"start":{"line":516,"column":20},"end":{"line":516,"column":40}},"191":{"start":{"line":526,"column":12},"end":{"line":532,"column":14}},"192":{"start":{"line":527,"column":16},"end":{"line":531,"column":17}},"193":{"start":{"line":528,"column":20},"end":{"line":528,"column":56}},"194":{"start":{"line":530,"column":20},"end":{"line":530,"column":40}},"195":{"start":{"line":535,"column":12},"end":{"line":577,"column":15}},"196":{"start":{"line":536,"column":16},"end":{"line":536,"column":49}},"197":{"start":{"line":539,"column":16},"end":{"line":541,"column":17}},"198":{"start":{"line":540,"column":20},"end":{"line":540,"column":136}},"199":{"start":{"line":542,"column":16},"end":{"line":542,"column":62}},"200":{"start":{"line":543,"column":16},"end":{"line":543,"column":43}},"201":{"start":{"line":543,"column":31},"end":{"line":543,"column":43}},"202":{"start":{"line":546,"column":16},"end":{"line":546,"column":66}},"203":{"start":{"line":546,"column":41},"end":{"line":546,"column":66}},"204":{"start":{"line":549,"column":16},"end":{"line":549,"column":47}},"205":{"start":{"line":552,"column":16},"end":{"line":552,"column":39}},"206":{"start":{"line":554,"column":16},"end":{"line":565,"column":23}},"207":{"start":{"line":555,"column":20},"end":{"line":555,"column":116}},"208":{"start":{"line":558,"column":20},"end":{"line":558,"column":65}},"209":{"start":{"line":560,"column":20},"end":{"line":560,"column":87}},"210":{"start":{"line":562,"column":20},"end":{"line":564,"column":28}},"211":{"start":{"line":563,"column":24},"end":{"line":563,"column":63}},"212":{"start":{"line":568,"column":16},"end":{"line":568,"column":46}},"213":{"start":{"line":568,"column":25},"end":{"line":568,"column":46}},"214":{"start":{"line":570,"column":16},"end":{"line":570,"column":42}},"215":{"start":{"line":573,"column":16},"end":{"line":576,"column":29}},"216":{"start":{"line":579,"column":12},"end":{"line":579,"column":24}},"217":{"start":{"line":590,"column":4},"end":{"line":592,"column":6}},"218":{"start":{"line":591,"column":8},"end":{"line":591,"column":100}},"219":{"start":{"line":601,"column":4},"end":{"line":610,"column":6}},"220":{"start":{"line":602,"column":8},"end":{"line":609,"column":11}},"221":{"start":{"line":619,"column":4},"end":{"line":629,"column":6}},"222":{"start":{"line":620,"column":8},"end":{"line":620,"column":24}},"223":{"start":{"line":622,"column":8},"end":{"line":622,"column":87}},"224":{"start":{"line":624,"column":8},"end":{"line":627,"column":9}},"225":{"start":{"line":625,"column":12},"end":{"line":625,"column":64}},"226":{"start":{"line":626,"column":12},"end":{"line":626,"column":53}},"227":{"start":{"line":628,"column":8},"end":{"line":628,"column":20}},"228":{"start":{"line":638,"column":4},"end":{"line":658,"column":6}},"229":{"start":{"line":639,"column":8},"end":{"line":639,"column":51}},"230":{"start":{"line":641,"column":8},"end":{"line":641,"column":79}},"231":{"start":{"line":642,"column":8},"end":{"line":642,"column":26}},"232":{"start":{"line":644,"column":8},"end":{"line":652,"column":9}},"233":{"start":{"line":645,"column":12},"end":{"line":645,"column":23}},"234":{"start":{"line":647,"column":12},"end":{"line":647,"column":39}},"235":{"start":{"line":648,"column":12},"end":{"line":648,"column":70}},"236":{"start":{"line":649,"column":12},"end":{"line":651,"column":13}},"237":{"start":{"line":650,"column":16},"end":{"line":650,"column":34}},"238":{"start":{"line":654,"column":8},"end":{"line":656,"column":9}},"239":{"start":{"line":655,"column":12},"end":{"line":655,"column":61}},"240":{"start":{"line":657,"column":8},"end":{"line":657,"column":20}},"241":{"start":{"line":660,"column":4},"end":{"line":662,"column":6}},"242":{"start":{"line":661,"column":8},"end":{"line":661,"column":53}},"243":{"start":{"line":664,"column":4},"end":{"line":666,"column":6}},"244":{"start":{"line":665,"column":8},"end":{"line":665,"column":58}},"245":{"start":{"line":668,"column":4},"end":{"line":672,"column":6}},"246":{"start":{"line":669,"column":8},"end":{"line":669,"column":50}},"247":{"start":{"line":671,"column":8},"end":{"lin
[...]
6}},"11":{"start":{"line":24,"column":4},"end":{"line":24,"column":33}},"12":{"start":{"line":25,"column":4},"end":{"line":25,"column":24}},"13":{"start":{"line":26,"column":4},"end":{"line":26,"column":26}},"14":{"start":{"line":27,"column":4},"end":{"line":27,"column":21}},"15":{"start":{"line":28,"column":4},"end":{"line":28,"column":22}},"16":{"start":{"line":29,"column":4},"end":{"line":29,"column":25}},"17":{"start":{"line":37,"column":0},"end":{"line":43,"column":2}},"18":{"start":{"line":38,"column":4},"end":{"line":42,"column":5}},"19":{"start":{"line":39,"column":8},"end":{"line":39,"column":61}},"20":{"start":{"line":40,"column":8},"end":{"line":40,"column":66}},"21":{"start":{"line":41,"column":8},"end":{"line":41,"column":154}},"22":{"start":{"line":51,"column":0},"end":{"line":54,"column":2}},"23":{"start":{"line":52,"column":4},"end":{"line":52,"column":30}},"24":{"start":{"line":53,"column":4},"end":{"line":53,"column":16}},"25":{"start":{"line":60,"column":0},"end":{"line":62,"column":2}},"26":{"start":{"line":61,"column":4},"end":{"line":61,"column":33}},"27":{"start":{"line":68,"column":0},"end":{"line":74,"column":2}},"28":{"start":{"line":69,"column":4},"end":{"line":69,"column":77}},"29":{"start":{"line":70,"column":4},"end":{"line":72,"column":13}},"30":{"start":{"line":71,"column":8},"end":{"line":71,"column":34}},"31":{"start":{"line":73,"column":4},"end":{"line":73,"column":16}},"32":{"start":{"line":80,"column":0},"end":{"line":123,"column":2}},"33":{"start":{"line":82,"column":4},"end":{"line":82,"column":42}},"34":{"start":{"line":83,"column":4},"end":{"line":83,"column":20}},"35":{"start":{"line":87,"column":4},"end":{"line":87,"column":29}},"36":{"start":{"line":88,"column":4},"end":{"line":95,"column":7}},"37":{"start":{"line":89,"column":8},"end":{"line":91,"column":9}},"38":{"start":{"line":90,"column":12},"end":{"line":90,"column":25}},"39":{"start":{"line":92,"column":8},"end":{"line":94,"column":9}},"40":{"start":{"line":93,"column":12},"end":{"line":93,"column":33}},"41":{"start":{"line":98,"column":4},"end":{"line":98,"column":35}},"42":{"start":{"line":100,"column":4},"end":{"line":100,"column":48}},"43":{"start":{"line":101,"column":4},"end":{"line":120,"column":5}},"44":{"start":{"line":102,"column":8},"end":{"line":102,"column":31}},"45":{"start":{"line":104,"column":8},"end":{"line":104,"column":26}},"46":{"start":{"line":105,"column":8},"end":{"line":119,"column":11}},"47":{"start":{"line":106,"column":12},"end":{"line":110,"column":13}},"48":{"start":{"line":107,"column":16},"end":{"line":107,"column":49}},"49":{"start":{"line":108,"column":19},"end":{"line":110,"column":13}},"50":{"start":{"line":109,"column":16},"end":{"line":109,"column":49}},"51":{"start":{"line":112,"column":12},"end":{"line":118,"column":15}},"52":{"start":{"line":113,"column":16},"end":{"line":115,"column":17}},"53":{"start":{"line":114,"column":20},"end":{"line":114,"column":33}},"54":{"start":{"line":117,"column":16},"end":{"line":117,"column":57}},"55":{"start":{"line":122,"column":4},"end":{"line":122,"column":19}},"56":{"start":{"line":131,"column":0},"end":{"line":160,"column":2}},"57":{"start":{"line":132,"column":4},"end":{"line":132,"column":14}},"58":{"start":{"line":133,"column":4},"end":{"line":133,"column":26}},"59":{"start":{"line":134,"column":4},"end":{"line":134,"column":35}},"60":{"start":{"line":135,"column":4},"end":{"line":135,"column":24}},"61":{"start":{"line":137,"column":4},"end":{"line":143,"column":5}},"62":{"start":{"line":138,"column":8},"end":{"line":138,"column":24}},"63":{"start":{"line":139,"column":8},"end":{"line":139,"column":32}},"64":{"start":{"line":140,"column":8},"end":{"line":142,"column":17}},"65":{"start":{"line":141,"column":12},"end":{"line":141,"column":45}},"66":{"start":{"line":146,"column":4},"end":{"line":146,"column":30}},"67":{"start":{"line":148,"column":4},"end":{"line":148,"column":61}},"68":{"start":{"line":149,"column":4},"end":{"line":149,"column":68}},"69":{"start":{"line":151,"column":4},"end":{"line":157,"column":5}},"70":{"start":{"line":152,"column":8},"end":{"line":152,"column":34}},"71":{"start":{"line":153,"column":11},"end":{"line":157,"column":5}},"72":{"start":{"line":154,"column":8},"end":{"line":154,"column":38}},"73":{"start":{"line":156,"column":8},"end":{"line":156,"column":56}},"74":{"start":{"line":159,"column":4},"end":{"line":159,"column":16}},"75":{"start":{"line":167,"column":0},"end":{"line":169,"column":2}},"76":{"start":{"line":168,"column":4},"end":{"line":168,"column":84}},"77":{"start":{"line":178,"column":0},"end":{"line":180,"column":2}},"78":{"start":{"line":179,"column":4},"end":{"line":179,"column":52}},"79":{"start":{"line":189,"column":0},"end":{"line":218,"column":2}},"80":{"start":{"line":190,"column":4},"end":{"line":190,"column":14}},"81":{"start":{"line":191,"column":4},"end":{"line":191,"column":26}},"82":{"start":{"line":192,"column":4},"end":{"line":192,"column":35}},"83":{"start":{"line":193,"column":4},"end":{"line":193,"column":24}},"84":{"start":{"line":195,"column":4},"end":{"line":195,"column":30}},"85":{"start":{"line":197,"column":4},"end":{"line":203,"column":5}},"86":{"start":{"line":198,"column":8},"end":{"line":198,"column":24}},"87":{"start":{"line":199,"column":8},"end":{"line":199,"column":35}},"88":{"start":{"line":200,"column":8},"end":{"line":202,"column":17}},"89":{"start":{"line":201,"column":12},"end":{"line":201,"column":52}},"90":{"start":{"line":205,"column":4},"end":{"line":205,"column":61}},"91":{"start":{"line":207,"column":4},"end":{"line":207,"column":65}},"92":{"start":{"line":209,"column":4},"end":{"line":215,"column":5}},"93":{"start":{"line":210,"column":8},"end":{"line":210,"column":41}},"94":{"start":{"line":211,"column":11},"end":{"line":215,"column":5}},"95":{"start":{"line":212,"column":8},"end":{"line":212,"column":45}},"96":{"start":{"line":214,"column":8},"end":{"line":214,"column":66}},"97":{"start":{"line":217,"column":4},"end":{"line":217,"column":20}},"98":{"start":{"line":227,"column":0},"end":{"line":233,"column":2}},"99":{"start":{"line":228,"column":4},"end":{"line":228,"column":61}},"100":{"start":{"line":229,"column":4},"end":{"line":231,"column":13}},"101":{"start":{"line":230,"column":8},"end":{"line":230,"column":50}},"102":{"start":{"line":232,"column":4},"end":{"line":232,"column":16}},"103":{"start":{"line":241,"column":0},"end":{"line":244,"column":1}},"104":{"start":{"line":242,"column":4},"end":{"line":242,"column":32}},"105":{"start":{"line":243,"column":4},"end":{"line":243,"column":28}},"106":{"start":{"line":254,"column":0},"end":{"line":259,"column":2}},"107":{"start":{"line":255,"column":4},"end":{"line":255,"column":26}},"108":{"start":{"line":256,"column":4},"end":{"line":256,"column":55}},"109":{"start":{"line":257,"column":4},"end":{"line":257,"column":38}},"110":{"start":{"line":258,"column":4},"end":{"line":258,"column":56}},"111":{"start":{"line":261,"column":0},"end":{"line":261,"column":61}}},"branchMap":{"1":{"line":22,"type":"binary-expr","locations":[{"start":{"line":22,"column":17},"end":{"line":22,"column":21}},{"start":{"line":22,"column":25},"end":{"line":22,"column":29}}]},"2":{"line":38,"type":"if","locations":[{"start":{"line":38,"column":4},"end":{"line":38,"column":4}},{"start":{"line":38,"column":4},"end":{"line":38,"column":4}}]},"3":{"line":38,"type":"binary-expr","locations":[{"start":{"line":38,"column":8},"end":{"line":38,"column":17}},{"start":{"line":38,"column":21},"end":{"line":38,"column":62}}]},"4":{"line":40,"type":"binary-expr","locations":[{"start":{"line":40,"column":35},"end":{"line":40,"column":59}},{"start":{"line":40,"column":63},"end":{"line":40,"column":65}}]},"5":{"line":69,"type":"cond-expr","locations":[{"start":{"line":69,"column":31},"end":{"line":69,"column":36}},{"start":{"line":69,"column":39},"end":{"line":69,"column":76}}]},"6":{"line":89,"type":"if","locations":[{"start":{"line":89,"column":8},"end":{"line":89,"column":8}},{"start":{"line":89,"column":8},"end":{"line":89,"column":8}}]},"7":{"line":92,"type":"if","locations":[{"start":{"line":92,"column":8},"end":{"line":92,"column":8}},{"start":{"line":92,"column":8},"end":{"line":92,"column":8}}]},"8":{"line":101,"type":"if","locations":[{"start":{"line":101,"column":4},"end":{"line":101,"column":4}},{"start":{"line":101,"column":4},"end":{"line":101,"column":4}}]},"9":{"line":106,"type":"if","locations":[{"start":{"line":106,"column":12},"end":{"line":106,"column":12}},{"start":{"line":106,"column":12},"end":{"line":106,"column":12}}]},"10":{"line":108,"type":"if","locations":[{"start":{"line":108,"column":19},"end":{"line":108,"column":19}},{"start":{"line":108,"column":19},"end":{"line":108,"column":19}}]},"11":{"line":113,"type":"if","locations":[{"start":{"line":113,"column":16},"end":{"line":113,"column":16}},{"start":{"line":113,"column":16},"end":{"line":113,"column":16}}]},"12":{"line":137,"type":"if","locations":[{"start":{"line":137,"column":4},"end":{"line":137,"column":4}},{"start":{"line":137,"column":4},"end":{"line":137,"column":4}}]},"13":{"line":149,"type":"cond-expr","locations":[{"start":{"line":149,"column":51},"end":{"line":149,"column":55}},{"start":{"line":149,"column":58},"end":{"line":149,"column":67}}]},"14":{"line":151,"type":"if","locations":[{"start":{"line":151,"column":4},"end":{"line":151,"column":4}},{"start":{"line":151,"column":4},"end":{"line":151,"column":4}}]},"15":{"line":153,"type":"if","locations":[{"start":{"line":153,"column":11},"end":{"line":153,"column":11}},{"start":{"line":153,"column":11},"end":{"line":153,"column":11}}]},"16":{"line":197,"type":"if","locations":[{"start":{"line":197,"column":4},"end":{"line":197,"column":4}},{"start":{"line":197,"column":4},"end":{"line":197,"column":4}}]},"17":{"line":209,"type":"if","locations":[{"start":{"line":209,"column":4},"end":{"line":209,"column":4}},{"start":{"line":209,"column":4},"end":{"line":209,"column":4}}]},"18":{"line":211,"type":"if","locations":[{"start":{"line":211,"column":11},"end":{"line":211,"column":11}},{"start":{"line":211,"column":11},"end":{"line":211,"column":11}}]},"19":{"line":228,"type":"cond-expr","locations":[{"start":{"line":228,"column":37},"end":{"line":228,"column":45}},{"start":{"line":228,"column":48},"end":{"line":228,"column":60}}]},"20":{"line":255,"type":"binary-expr","locations":[{"start":{"line":255,"column":13},"end":{"line":255,"column":19}},{"start":{"line":255,"column":23},"end":{"line":255,"column":25}}]},"21":{"line":256,"type":"binary-expr","locations":[{"start":{"line":256,"column":11},"end":{"line":256,"column":15}},{"start":{"line":256,"column":19},"end":{"line":256,"column":32}},{"start":{"line":256,"column":36},"end":{"line":256,"column":54}}]}},"code":["'use strict';","","var _ = require('lodash');","var hoek = require('hoek');","var templatedRE = new RegExp('{*}');","var URI = require('urijs');","","/**"," * A HAL wrapper interface around an entity. Provides an api for adding new links and recursively embedding child"," * entities."," *"," * @param factory"," * @param self"," * @param entity"," * @param root"," * @constructor"," */","function Representation(factory, self, entity, root) {","    this._halacious = factory._halacious;","    this.factory = factory;","    this.request = factory._request;","    this._root = root || this;","    this.self = self.href;","    this._links = { self: self };","    this._embedded = {};","    this._namespaces = {};","    this._props = {};","    this._ignore = {};","    this.entity = entity;","}","","/**"," * Adds a namespace to the 'curie' link collection. all curies in a response, top level or nested, should be declared"," * in the top level _links collection. a reference '_root' is kept to the top level representation for this purpose"," * @param namespace"," */","Representation.prototype.curie = function(namespace) {","    if (namespace && !this._root._namespaces[namespace.prefix]) {","        this._root._namespaces[namespace.prefix] = namespace;","        this._root._links.curies = this._root._links.curies || [];","        this._root._links.curies.push({ name: namespace.prefix, href: this._halacious.namespaceUrl(this.request, namespace) + '/{rel}', templated: true});","    }","};","","/**"," * Adds a custom property to the HAL payload"," * @param {String} name the property name"," * @param {*} value the property value"," * @return {Representation}"," */","Representation.prototype.prop = function(name, value) {","    this._props[name] = value;","    return this;","};","","/**"," * Merges an object's properties into the custom properties collection."," * @param obj"," */","Representation.prototype.merge = function(obj) {","    hoek.merge(this._props, obj);","};","","/**"," * @param {...String || String[]} props properties to ignore"," * @return {Representation}"," */","Representation.prototype.ignore = function(props) {","    props = _.isArray(props) ? props : Array.prototype.slice.call(arguments);","    props.forEach(function (prop) {","        this._ignore[prop] = true;","    }, this);","    return this;","};","","/**"," * Prepares the representation for JSON serialization."," * @return {{}}"," */","Representation.prototype.toJSON = function() {","    // initialize the json entity","    var payload = { _links: this._links };","    var self = this;","","    // copy all target properties in the entity using JSON.stringify(). if the entity has a .toJSON() implementation,","    // it will be called. properties on the ignore list will not be copied","    var entity = this.entity;","    JSON.stringify(entity, function (key, value) {","        if (!key) {","            return value;","        }","        if (!self._ignore[key]) {","            payload[key] = value;","        }","    });","","    // merge in any extra properties","    _.assign(payload, this._props);","","    const embeddedKeys = _.keys(this._embedded);","    if (embeddedKeys.length > 0) {","        payload._embedded = {};","","        const self = this;","        embeddedKeys.forEach(function (embedKey) {","            if (self._embedded[embedKey] instanceof Representation) {","                payload._embedded[embedKey] = {};","            } else if (self._embedded[embedKey] instanceof Array) {","                payload._embedded[embedKey] = [];","            }","","            JSON.stringify(self._embedded[embedKey], function (key, value) {","                if (!key) {","                    return value;","                }","","                payload._embedded[embedKey][key] = value;","            });","        });","    }","","    return payload;","};","","/**"," * Creates a new link and adds it to the _links collection"," * @param rel"," * @param link"," * @return {{} || []} the new link"," */","Representation.prototype.link = function(rel, link) {","    var qname;","    var originalRel = rel;","    rel = this._halacious.rel(rel);","    qname = rel.qname();","","    if (_.isArray(link)) {","        var that = this;","        this._links[qname] = [];","        return link.map(function (l) {","            return that.link(originalRel, l);","        }, this);","    }","","    // adds the namespace to the top level curie list","    this.curie(rel.namespace);","","    link = this._halacious.link(link, this._links.self.href);","    link.templated = templatedRE.test(link.href) ? true : undefined;","    // e.g. 'mco:rel'","    if (!this._links[qname]) {","        this._links[qname] = link;","    } else if (_.isArray(this._links[qname])) {","        this._links[qname].push(link);","    } else {","        this._links[qname] = [this._links[qname], link];","    }","","    return link;","};","","/**"," * Resolves a relative path against the representation's self href"," * @param relativePath"," * @return {*}"," */","Representation.prototype.resolve = function(relativePath) {","    return new URI(relativePath).absoluteTo(this._links.self.href + '/').toString();","};","","/**"," * Returns the path to a named route (specified by the plugins.hal.name configuration parameter), expanding any supplied"," * path parameters."," * @param {String} routeName the route's name"," * @param {{}=} params for expanding templated urls"," * @return {*}"," */","Representation.prototype.route = function(routeName, params) {","    return this._halacious.route(routeName, params);","};","","/**"," * Wraps an entity into a HAL representation and adds it to the _embedded collection"," * @param {String} rel the rel name"," * @param {String || {}} self an href or link object for the entity"," * @param {{} || []} entity an object to wrap"," * @return {entity || []}"," */","Representation.prototype.embed = function(rel, self, entity) {","    var qname;","    var originalRel = rel;","    rel = this._halacious.rel(rel);","    qname = rel.qname();","","    this.curie(rel.namespace);","","    if (_.isArray(entity)){","        var that = this;","        this._embedded[qname] = [];","        return entity.map(function (e) {","            return that.embed(originalRel, self, e);","        }, this);","    }","","    self = this._halacious.link(self, this._links.self.href);","","    var embedded = this.factory.create(entity, self, this._root);","","    if (!this._embedded[qname]) {","        this._embedded[qname] = embedded;","    } else if (_.isArray(this._embedded[qname])) {","        this._embedded[qname].push(embedded);","    } else {","        this._embedded[qname] = [this._embedded[qname], embedded];","    }","","    return embedded;","};","","/**"," * Convenience method for embedding an array of entities"," * @param rel"," * @param self"," * @param entities"," * @return {Representation}"," */","Representation.prototype.embedCollection = function(rel, self, entities) {","    entities = _.isArray(entities) ? entities : [ entities ];","    entities.forEach(function (entity) {","        this.embed(rel, hoek.clone(self), entity);","    }, this);","    return this;","};","","/**"," * Responsible for creating all hal entities, top level or embedded, needed for a hapi request"," * @param halacious a reference to the plugin api"," * @param request a hapi request object"," * @constructor"," */","function RepresentationFactory(halacious, request) {","    this._halacious = halacious;","    this._request = request;","}","","/**"," * Creates a new hal representation out of a javascript object"," * @param {{}=} entity the entity to wrap with a representation. an empty object is created by default"," * @param {String || {}=} self the self href or link object. The request's path is used by default"," * @param {Representation} root a pointer to the top level representation for adding curied links"," * should be expanded into absolute urls"," * @return {Representation}"," */","RepresentationFactory.prototype.create = function(entity, self, root) {","    entity = entity || {};","    self = self || this._request && this._request.path;","    self = this._halacious.link(self);","    return new Representation(this, self, entity, root);","};","","module.exports.RepresentationFactory = RepresentationFactory;",""],"l":{"3":1,"4":1,"5":1,"6":1,"18":1,"19":0,"20":0,"21":0,"22":0,"23":0,"24":0,"25":0,"26":0,"27":0,"28":0,"29":0,"37":1,"38":0,"39":0,"40":0,"41":0,"51":1,"52":0,"53":0,"60":1,"61":0,"68":1,"69":0,"70":0,"71":0,"73":0,"80":1,"82":0,"83":0,"87":0,"88":0,"89":0,"90":0,"92":0,"93":0,"98":0,"100":0,"101":0,"102":0,"104":0,"105":0,"106":0,"107":0,"108":0,"109":0,"112":0,"113":0,"114":0,"117":0,"122":0,"131":1,"132":0,"133":0,"134":0,"135":0,"137":0,"138":0,"139":0,"140":0,"141":0,"146":0,"148":0,"149":0,"151":0,"152":0,"153":0,"154":0,"156":0,"159":0,"167":1,"168":0,"178":1,"179":0,"189":1,"190":0,"191":0,"192":0,"193":0,"195":0,"197":0,"198":0,"199":0,"200":0,"201":0,"205":0,"207":0,"209":0,"210":0,"211":0,"212":0,"214":0,"217":0,"227":1,"228":0,"229":0,"230":0,"232":0,"241":1,"242":0,"243":0,"254":1,"255":0,"256":0,"257":0,"258":0,"261":1}}}